[PREINITIALIZATION][CLIENT][INFO] Current loaders after merging: [[preinit]]
[PREINITIALIZATION][CLIENT][INFO] Loading scripts for loader with names [preinit]
[PREINITIALIZATION][CLIENT][INFO] [preinit | SIDE_CLIENT]: Skipping file {[0:crafttweaker]: 01_unification.zs} as we are currently loading with a different loader
[PREINITIALIZATION][CLIENT][INFO] [preinit | SIDE_CLIENT]: Skipping file {[0:crafttweaker]: 02_nuclearcraft_mekanism.zs} as we are currently loading with a different loader
[PREINITIALIZATION][CLIENT][INFO] [preinit | SIDE_CLIENT]: Skipping file {[0:crafttweaker]: receipies.zs} as we are currently loading with a different loader
[PREINITIALIZATION][CLIENT][INFO] [preinit | SIDE_CLIENT]: Skipping file {[0:crafttweaker]: recipes.zs} as we are currently loading with a different loader
[PREINITIALIZATION][CLIENT][INFO] Completed script loading in: 3ms
[INITIALIZATION][CLIENT][INFO] CraftTweaker: Building registry
[INITIALIZATION][CLIENT][INFO] CraftTweaker: Successfully built item registry
[INITIALIZATION][CLIENT][INFO] Current loaders after merging: [[preinit], [recipeevent | crafttweaker]]
[INITIALIZATION][CLIENT][INFO] Loading scripts for loader with names [crafttweaker | recipeevent]
[INITIALIZATION][CLIENT][INFO] [crafttweaker | SIDE_CLIENT]: Loading Script: {[0:crafttweaker]: 01_unification.zs}
[INITIALIZATION][CLIENT][INFO] Initializing 'unification.zs'...
[INITIALIZATION][CLIENT][INFO] Adding Crude Oil to ore dictionary entry crude_oil
[INITIALIZATION][CLIENT][INFO] Trying to remove Crafting Table recipes for kind: gear
[INITIALIZATION][CLIENT][INFO] Trying to remove Crafting Table recipes for kind: plate
[INITIALIZATION][CLIENT][INFO] Initialized 'unification.zs'
[INITIALIZATION][CLIENT][INFO] [crafttweaker | SIDE_CLIENT]: Loading Script: {[0:crafttweaker]: 02_nuclearcraft_mekanism.zs}
[INITIALIZATION][CLIENT][INFO] Adding nuclearcraft_fusion recipe: 1000 x liquidhydrogen, 1000 x liquidhydrogen -> 250 x deuterium, 250 x deuterium, 250 x deuterium, 250 x deuterium
[INITIALIZATION][CLIENT][INFO] Adding nuclearcraft_fusion recipe: 1000 x liquidhydrogen, 1000 x liquiddeuterium -> 250 x helium3, 250 x helium3, 250 x helium3, 250 x helium3
[INITIALIZATION][CLIENT][INFO] Adding nuclearcraft_fusion recipe: 1000 x liquidhydrogen, 1000 x liquidtritium -> 250 x helium3, 250 x helium3, 5 x neutron, 5 x neutron
[INITIALIZATION][CLIENT][INFO] Adding nuclearcraft_fusion recipe: 1000 x liquidhydrogen, 1000 x helium3 -> 250 x helium, 250 x helium, 250 x helium, 250 x helium
[INITIALIZATION][CLIENT][INFO] Adding nuclearcraft_fusion recipe: 1000 x liquidhydrogen, 144 x lithium6 -> 250 x tritium, 250 x tritium, 250 x helium3, 250 x helium3
[INITIALIZATION][CLIENT][INFO] Adding nuclearcraft_fusion recipe: 1000 x liquidhydrogen, 144 x lithium7 -> 250 x helium, 250 x helium, 250 x helium, 250 x helium
[INITIALIZATION][CLIENT][INFO] Adding nuclearcraft_fusion recipe: 1000 x liquidhydrogen, 144 x boron11 -> 250 x helium, 250 x helium, 250 x helium, 250 x helium
[INITIALIZATION][CLIENT][INFO] Adding nuclearcraft_fusion recipe: 1000 x liquiddeuterium, 1000 x liquiddeuterium -> 500 x hydrogen, 500 x tritium, 500 x helium3, 5 x neutron
[INITIALIZATION][CLIENT][INFO] Adding nuclearcraft_fusion recipe: 1000 x liquiddeuterium, 1000 x liquidtritium -> 500 x helium, 500 x helium, 5 x neutron, 5 x neutron
[INITIALIZATION][CLIENT][INFO] Adding nuclearcraft_fusion recipe: 1000 x liquiddeuterium, 1000 x helium3 -> 500 x hydrogen, 500 x hydrogen, 500 x helium, 500 x helium
[INITIALIZATION][CLIENT][INFO] Adding nuclearcraft_fusion recipe: 1000 x liquiddeuterium, 144 x lithium6 -> 500 x helium, 500 x helium, 500 x helium, 500 x helium
[INITIALIZATION][CLIENT][INFO] Adding nuclearcraft_fusion recipe: 1000 x liquiddeuterium, 144 x lithium7 -> 1000 x helium, 1000 x helium, 5 x neutron, 5 x neutron
[INITIALIZATION][CLIENT][INFO] Adding nuclearcraft_fusion recipe: 1000 x liquiddeuterium, 144 x boron11 -> 1500 x helium, 1500 x helium, 5 x neutron, 5 x neutron
[INITIALIZATION][CLIENT][INFO] Adding nuclearcraft_fusion recipe: 1000 x liquidtritium, 1000 x liquidtritium -> 500 x helium, 500 x helium, 10 x neutron, 10 x neutron
[INITIALIZATION][CLIENT][INFO] Adding nuclearcraft_fusion recipe: 1000 x liquidtritium, 1000 x helium3 -> 1000 x hydrogen, 1000 x helium, 5 x neutron, 5 x neutron
[INITIALIZATION][CLIENT][INFO] Adding nuclearcraft_fusion recipe: 1000 x liquidtritium, 144 x lithium6 -> 1000 x helium, 1000 x helium, 5 x neutron, 5 x neutron
[INITIALIZATION][CLIENT][INFO] Adding nuclearcraft_fusion recipe: 1000 x liquidtritium, 144 x lithium7 -> 1000 x helium, 1000 x helium, 10 x neutron, 10 x neutron
[INITIALIZATION][CLIENT][INFO] Adding nuclearcraft_fusion recipe: 1000 x liquidtritium, 144 x boron11 -> 1500 x helium, 1500 x helium, 10 x neutron, 10 x neutron
[INITIALIZATION][CLIENT][INFO] [crafttweaker | SIDE_CLIENT]: Loading Script: {[0:crafttweaker]: receipies.zs}
[INITIALIZATION][CLIENT][ERROR] receipies.zs:28: Could not resolve <galacticraftcore : cheese_curd>
[INITIALIZATION][CLIENT][ERROR] receipies.zs:30: Could not resolve <extraplanets : coal_grit>
[INITIALIZATION][CLIENT][ERROR] receipies.zs:32: Could not resolve <extraplanets : iron_grit>
[INITIALIZATION][CLIENT][ERROR] receipies.zs:34: Could not resolve <extraplanets : gold_grit>
[INITIALIZATION][CLIENT][ERROR] receipies.zs:36: Could not resolve <extraplanets : diamond_grit>
[INITIALIZATION][CLIENT][ERROR] receipies.zs:38: Could not resolve <extraplanets : emerald_grit>
[INITIALIZATION][CLIENT][ERROR] receipies.zs:61: Could not resolve <liquid : fuel>
[INITIALIZATION][CLIENT][ERROR] receipies.zs:61: Could not resolve <liquid : fuel>
[INITIALIZATION][CLIENT][ERROR] receipies.zs:76: Could not resolve <galacticraftcore : meteoric_iron_raw>
[INITIALIZATION][CLIENT][ERROR] receipies.zs:76: Could not resolve <galacticraftcore : cheese_curd>
[INITIALIZATION][CLIENT][ERROR] receipies.zs:76: Could not resolve <galacticraftcore : basic_block_moon : *>
[INITIALIZATION][CLIENT][ERROR] receipies.zs:77: Could not resolve <galacticraftcore : meteoric_iron_raw>
[INITIALIZATION][CLIENT][ERROR] receipies.zs:77: Could not resolve <galacticraftcore : basic_item : 2>
[INITIALIZATION][CLIENT][ERROR] receipies.zs:77: Could not resolve <galacticraftplanets : asteroids_block : *>
[INITIALIZATION][CLIENT][ERROR] receipies.zs:78: Could not resolve <galacticraftplanets : item_basic_mars>
[INITIALIZATION][CLIENT][ERROR] receipies.zs:78: Could not resolve <galacticraftplanets : mars : *>
[INITIALIZATION][CLIENT][ERROR] receipies.zs:78: Could not resolve <liquid : bacterialsludge>
[INITIALIZATION][CLIENT][ERROR] receipies.zs:79: Could not resolve <galacticraftplanets : venus : *>
[INITIALIZATION][CLIENT][ERROR] receipies.zs:79: Could not resolve <liquid : sulphuricacid>
[INITIALIZATION][CLIENT][ERROR] receipies.zs:80: Could not resolve <extraplanets : tier8_items : 6>
[INITIALIZATION][CLIENT][ERROR] receipies.zs:80: Could not resolve <extraplanets : neptune : *>
[INITIALIZATION][CLIENT][ERROR] receipies.zs:80: Could not resolve <liquid : nitrogen_fluid>
[INITIALIZATION][CLIENT][ERROR] receipies.zs:81: Could not resolve <extraplanets : pluto : *>
[INITIALIZATION][CLIENT][ERROR] receipies.zs:82: Could not resolve <extraplanets : tier10_items : 5>
[INITIALIZATION][CLIENT][ERROR] receipies.zs:82: Could not resolve <extraplanets : eris : *>
[INITIALIZATION][CLIENT][ERROR] receipies.zs:83: Could not resolve <extraplanets : tier11_items : 0>
[INITIALIZATION][CLIENT][ERROR] receipies.zs:83: Could not resolve <extraplanets : tier11_items : 1>
[INITIALIZATION][CLIENT][ERROR] receipies.zs:83: Could not resolve <extraplanets : tier11_items : 3>
[INITIALIZATION][CLIENT][ERROR] receipies.zs:83: Could not resolve <extraplanets : tier11_items : 4>
[INITIALIZATION][CLIENT][ERROR] receipies.zs:83: Could not resolve <extraplanets : kepler22b : 0>
[INITIALIZATION][CLIENT][ERROR] receipies.zs:83: Could not resolve <liquid : liquid_chocolate_fluid>
[INITIALIZATION][CLIENT][ERROR] receipies.zs:84: Could not resolve <extraplanets : tier11_items : 3>
[INITIALIZATION][CLIENT][ERROR] receipies.zs:84: Could not resolve <extraplanets : tier11_items : 2>
[INITIALIZATION][CLIENT][ERROR] receipies.zs:84: Could not resolve <extraplanets : kepler22b : 12>
[INITIALIZATION][CLIENT][ERROR] receipies.zs:84: Could not resolve <liquid : liquid_caramel_fluid>
[INITIALIZATION][CLIENT][ERROR] receipies.zs:85: Could not resolve <jaopca : item_dustcarbon>
[INITIALIZATION][CLIENT][ERROR] receipies.zs:85: Could not resolve <extraplanets : mercury : *>
[INITIALIZATION][CLIENT][ERROR] receipies.zs:86: Could not resolve <extraplanets : ceres : *>
[INITIALIZATION][CLIENT][ERROR] receipies.zs:86: Could not resolve <liquid : radioactive_water_fluid>
[INITIALIZATION][CLIENT][ERROR] receipies.zs:87: Could not resolve <jaopca : item_dustpalladium>
[INITIALIZATION][CLIENT][ERROR] receipies.zs:87: Could not resolve <extraplanets : tier5_items : 8>
[INITIALIZATION][CLIENT][ERROR] receipies.zs:87: Could not resolve <extraplanets : jupiter : *>
[INITIALIZATION][CLIENT][ERROR] receipies.zs:87: Could not resolve <liquid : magma_fluid>
[INITIALIZATION][CLIENT][ERROR] receipies.zs:88: Could not resolve <extraplanets : saturn : *>
[INITIALIZATION][CLIENT][ERROR] receipies.zs:88: Could not resolve <liquid : liquid_hydrocarbon_fluid>
[INITIALIZATION][CLIENT][ERROR] receipies.zs:89: Could not resolve <moreplanets : chalos_item : 1>
[INITIALIZATION][CLIENT][ERROR] receipies.zs:89: Could not resolve <moreplanets : chalos_item>
[INITIALIZATION][CLIENT][ERROR] receipies.zs:89: Could not resolve <moreplanets : chalos_block : *>
[INITIALIZATION][CLIENT][ERROR] receipies.zs:89: Could not resolve <liquid : cheese_of_milk_fluid>
[INITIALIZATION][CLIENT][ERROR] receipies.zs:90: Could not resolve <moreplanets : koentus_block : *>
[INITIALIZATION][CLIENT][ERROR] receipies.zs:90: Could not resolve <liquid : cheese_of_milk_fluid>
[INITIALIZATION][CLIENT][ERROR] receipies.zs:91: Could not resolve <galacticraftcore : basic_item : 2>
[INITIALIZATION][CLIENT][ERROR] receipies.zs:91: Could not resolve <moreplanets : fronos_item>
[INITIALIZATION][CLIENT][ERROR] receipies.zs:91: Could not resolve <moreplanets : fronos_block : *>
[INITIALIZATION][CLIENT][ERROR] receipies.zs:91: Could not resolve <liquid : cheese_of_milk_fluid>
[INITIALIZATION][CLIENT][ERROR] receipies.zs:92: Could not resolve <galacticraftcore : basic_item : 2>
[INITIALIZATION][CLIENT][ERROR] receipies.zs:92: Could not resolve <moreplanets : nibiru_item>
[INITIALIZATION][CLIENT][ERROR] receipies.zs:92: Could not resolve <moreplanets : nibiru_block : *>
[INITIALIZATION][CLIENT][ERROR] receipies.zs:93: Could not resolve <galacticraftcore : basic_item : 2>
[INITIALIZATION][CLIENT][ERROR] receipies.zs:93: Could not resolve <moreplanets : nibiru_item>
[INITIALIZATION][CLIENT][ERROR] receipies.zs:93: Could not resolve <moreplanets : nibiru_sandstone : *>
[INITIALIZATION][CLIENT][ERROR] receipies.zs:2 > a method available but none matches the parameters (ZenTypeNative: crafttweaker.oredict.IOreDictEntry, ZenTypeNative: crafttweaker.oredict.IOreDictEntry, ZenTypeNative: crafttweaker.oredict.IOreDictEntry, int)
This is usually an error in your script, not in the mod
addRecipe(ZenTypeNative: crafttweaker.item.IItemStack, ZenTypeNative: crafttweaker.item.IItemStack, ZenTypeNative: crafttweaker.item.IItemStack, int, Optional ZenTypeNative: crafttweaker.item.IItemStack, Optional int)
[INITIALIZATION][CLIENT][ERROR] receipies.zs:3 > a method available but none matches the parameters (ZenTypeNative: crafttweaker.oredict.IOreDictEntry, ZenTypeNative: crafttweaker.oredict.IOreDictEntry, ZenTypeNative: crafttweaker.oredict.IOreDictEntry, int)
This is usually an error in your script, not in the mod
addRecipe(ZenTypeNative: crafttweaker.item.IItemStack, ZenTypeNative: crafttweaker.item.IItemStack, ZenTypeNative: crafttweaker.item.IItemStack, int, Optional ZenTypeNative: crafttweaker.item.IItemStack, Optional int)
[INITIALIZATION][CLIENT][ERROR] receipies.zs:76 > operator not supported
[INITIALIZATION][CLIENT][ERROR] receipies.zs:76 > operator not supported
[INITIALIZATION][CLIENT][ERROR] receipies.zs:77 > operator not supported
[INITIALIZATION][CLIENT][ERROR] receipies.zs:77 > operator not supported
[INITIALIZATION][CLIENT][ERROR] receipies.zs:78 > operator not supported
[INITIALIZATION][CLIENT][ERROR] receipies.zs:80 > operator not supported
[INITIALIZATION][CLIENT][ERROR] receipies.zs:82 > operator not supported
[INITIALIZATION][CLIENT][ERROR] receipies.zs:83 > operator not supported
[INITIALIZATION][CLIENT][ERROR] receipies.zs:83 > operator not supported
[INITIALIZATION][CLIENT][ERROR] receipies.zs:83 > operator not supported
[INITIALIZATION][CLIENT][ERROR] receipies.zs:83 > operator not supported
[INITIALIZATION][CLIENT][ERROR] receipies.zs:84 > operator not supported
[INITIALIZATION][CLIENT][ERROR] receipies.zs:84 > operator not supported
[INITIALIZATION][CLIENT][ERROR] receipies.zs:85 > operator not supported
[INITIALIZATION][CLIENT][ERROR] receipies.zs:87 > operator not supported
[INITIALIZATION][CLIENT][ERROR] receipies.zs:87 > operator not supported
[INITIALIZATION][CLIENT][ERROR] receipies.zs:89 > operator not supported
[INITIALIZATION][CLIENT][ERROR] receipies.zs:89 > operator not supported
[INITIALIZATION][CLIENT][ERROR] receipies.zs:91 > operator not supported
[INITIALIZATION][CLIENT][ERROR] receipies.zs:91 > operator not supported
[INITIALIZATION][CLIENT][ERROR] receipies.zs:92 > operator not supported
[INITIALIZATION][CLIENT][ERROR] receipies.zs:92 > operator not supported
[INITIALIZATION][CLIENT][ERROR] receipies.zs:93 > operator not supported
[INITIALIZATION][CLIENT][ERROR] receipies.zs:93 > operator not supported
[INITIALIZATION][CLIENT][INFO] Adding Ionite Crystal to ore dictionary entry gemIonite
[INITIALIZATION][CLIENT][INFO] Adding Aethium Crystal to ore dictionary entry gemAethium
[INITIALIZATION][CLIENT][INFO] Adding Pladium Crystal to ore dictionary entry gemPladium
[INITIALIZATION][CLIENT][INFO] Adding Kyronite Crystal to ore dictionary entry gemKyronite
[INITIALIZATION][CLIENT][INFO] Adding Erodium Crystal to ore dictionary entry gemErodium
[INITIALIZATION][CLIENT][INFO] Adding Litherite Crystal to ore dictionary entry gemLitherite
[INITIALIZATION][CLIENT][INFO] Adding Chunk of Flesh to ore dictionary entry listAllmeatraw
[INITIALIZATION][CLIENT][ERROR] [crafttweaker]: Error executing {[0:crafttweaker]: receipies.zs}: null
java.lang.NullPointerException
	at crafttweaker.mc1120.oredict.MCOreDictEntry.add(MCOreDictEntry.java:108)
	at Receipies.__script__(receipies.zs:28)
	at __ZenMain__.run(Receipies)
	at crafttweaker.runtime.CrTTweaker.loadScript(CrTTweaker.java:221)
	at crafttweaker.runtime.CrTTweaker.loadScript(CrTTweaker.java:101)
	at crafttweaker.mc1120.events.CommonEventHandler.registerRecipes(CommonEventHandler.java:68)
	at net.minecraftforge.fml.common.eventhandler.ASMEventHandler_889_CommonEventHandler_registerRecipes_Register.invoke(.dynamic)
	at net.minecraftforge.fml.common.eventhandler.ASMEventHandler.invoke(ASMEventHandler.java:90)
	at net.minecraftforge.fml.common.eventhandler.EventBus$1.invoke(EventBus.java:144)
	at net.minecraftforge.fml.common.eventhandler.EventBus.post(EventBus.java:182)
	at net.minecraftforge.registries.GameData.fireRegistryEvents(GameData.java:814)
	at net.minecraftforge.common.crafting.CraftingHelper.loadRecipes(CraftingHelper.java:624)
	at net.minecraftforge.fml.common.Loader.initializeMods(Loader.java:742)
	at net.minecraftforge.fml.client.FMLClientHandler.finishMinecraftLoading(FMLClientHandler.java:336)
	at net.minecraft.client.Minecraft.func_71384_a(Minecraft.java:535)
	at net.minecraft.client.Minecraft.func_99999_d(Minecraft.java:3931)
	at net.minecraft.client.main.Main.main(SourceFile:123)
	at sun.reflect.NativeMethodAccessorImpl.invoke0(Native Method)
	at sun.reflect.NativeMethodAccessorImpl.invoke(NativeMethodAccessorImpl.java:62)
	at sun.reflect.DelegatingMethodAccessorImpl.invoke(DelegatingMethodAccessorImpl.java:43)
	at java.lang.reflect.Method.invoke(Method.java:497)
	at net.minecraft.launchwrapper.Launch.launch(Launch.java:135)
	at net.minecraft.launchwrapper.Launch.main(Launch.java:28)
[INITIALIZATION][CLIENT][INFO] [crafttweaker | SIDE_CLIENT]: Loading Script: {[0:crafttweaker]: recipes.zs}
[INITIALIZATION][CLIENT][ERROR] recipes.zs:5: Could not resolve <extraplanets : advanced_launch_pad>
[INITIALIZATION][CLIENT][ERROR] recipes.zs:6: Could not resolve <galacticraftcore : landing_pad>
[INITIALIZATION][CLIENT][ERROR] recipes.zs:7: Could not resolve <galacticraftcore : rocket_workbench>
[INITIALIZATION][CLIENT][ERROR] recipes.zs:8: Could not resolve <galacticraftcore : fuel_loader>
[INITIALIZATION][CLIENT][ERROR] recipes.zs:10: Could not resolve <extraplanets : tier5_items : 2>
[INITIALIZATION][CLIENT][ERROR] recipes.zs:11: Could not resolve <extraplanets : nose_cone_tier4>
[INITIALIZATION][CLIENT][ERROR] recipes.zs:12: Could not resolve <galacticraftcore : refinery>
[INITIALIZATION][CLIENT][ERROR] recipes.zs:13: Could not resolve <extraplanets : tier4_items : 1>
[INITIALIZATION][CLIENT][ERROR] recipes.zs:14: Could not resolve <extraplanets : tier4_items>
[INITIALIZATION][CLIENT][ERROR] recipes.zs:15: Could not resolve <extraplanets : tier4_items : 2>
[INITIALIZATION][CLIENT][ERROR] recipes.zs:16: Could not resolve <extraplanets : tier4_items : 1>
[INITIALIZATION][CLIENT][ERROR] recipes.zs:17: Could not resolve <extraplanets : tier5_items>
[INITIALIZATION][CLIENT][ERROR] recipes.zs:18: Could not resolve <extraplanets : nose_cone_tier5>
[INITIALIZATION][CLIENT][ERROR] recipes.zs:19: Could not resolve <extraplanets : tier5_items : 1>
[INITIALIZATION][CLIENT][ERROR] recipes.zs:20: Could not resolve <extraplanets : tier6_items : 2>
[INITIALIZATION][CLIENT][ERROR] recipes.zs:21: Could not resolve <extraplanets : tier6_items>
[INITIALIZATION][CLIENT][ERROR] recipes.zs:22: Could not resolve <extraplanets : nose_cone_tier6>
[INITIALIZATION][CLIENT][ERROR] recipes.zs:23: Could not resolve <extraplanets : tier6_items : 1>
[INITIALIZATION][CLIENT][ERROR] recipes.zs:24: Could not resolve <extraplanets : tier7_items : 2>
[INITIALIZATION][CLIENT][ERROR] recipes.zs:25: Could not resolve <extraplanets : tier7_items>
[INITIALIZATION][CLIENT][ERROR] recipes.zs:26: Could not resolve <extraplanets : tier7_items : 1>
[INITIALIZATION][CLIENT][ERROR] recipes.zs:27: Could not resolve <extraplanets : nose_cone_tier7>
[INITIALIZATION][CLIENT][ERROR] recipes.zs:28: Could not resolve <extraplanets : tier8_items : 2>
[INITIALIZATION][CLIENT][ERROR] recipes.zs:29: Could not resolve <extraplanets : tier8_items>
[INITIALIZATION][CLIENT][ERROR] recipes.zs:30: Could not resolve <extraplanets : nose_cone_tier8>
[INITIALIZATION][CLIENT][ERROR] recipes.zs:31: Could not resolve <extraplanets : tier8_items : 1>
[INITIALIZATION][CLIENT][ERROR] recipes.zs:32: Could not resolve <extraplanets : tier9_items : 1>
[INITIALIZATION][CLIENT][ERROR] recipes.zs:33: Could not resolve <extraplanets : tier9_items : 1>
[INITIALIZATION][CLIENT][ERROR] recipes.zs:34: Could not resolve <extraplanets : tier9_items : 2>
[INITIALIZATION][CLIENT][ERROR] recipes.zs:35: Could not resolve <extraplanets : tier9_items>
[INITIALIZATION][CLIENT][ERROR] recipes.zs:36: Could not resolve <extraplanets : nose_cone_tier9>
[INITIALIZATION][CLIENT][ERROR] recipes.zs:44: Could not resolve <extraplanets : tier10_items : 1>
[INITIALIZATION][CLIENT][ERROR] recipes.zs:45: Could not resolve <extraplanets : nose_cone_tier10>
[INITIALIZATION][CLIENT][ERROR] recipes.zs:46: Could not resolve <extraplanets : tier10_items>
[INITIALIZATION][CLIENT][ERROR] recipes.zs:47: Could not resolve <extraplanets : tier10_items : 2>
[INITIALIZATION][CLIENT][ERROR] recipes.zs:51: Could not resolve <extraplanets : advanced_launch_pad>
[INITIALIZATION][CLIENT][ERROR] recipes.zs:52: Could not resolve <galacticraftcore : landing_pad>
[INITIALIZATION][CLIENT][ERROR] recipes.zs:59: Could not resolve <galacticraftcore : fuel_loader>
[INITIALIZATION][CLIENT][ERROR] recipes.zs:59: Could not resolve <galacticraftcore : basic_item : 10>
[INITIALIZATION][CLIENT][ERROR] recipes.zs:59: Could not resolve <galacticraftcore : basic_item : 9>
[INITIALIZATION][CLIENT][ERROR] recipes.zs:59: Could not resolve <galacticraftcore : basic_item : 10>
[INITIALIZATION][CLIENT][ERROR] recipes.zs:59: Could not resolve <galacticraftcore : basic_item : 10>
[INITIALIZATION][CLIENT][ERROR] recipes.zs:59: Could not resolve <galacticraftcore : basic_item : 13>
[INITIALIZATION][CLIENT][ERROR] recipes.zs:59: Could not resolve <galacticraftcore : basic_item : 10>
[INITIALIZATION][CLIENT][ERROR] recipes.zs:60: Could not resolve <galacticraftcore : rocket_workbench>
[INITIALIZATION][CLIENT][ERROR] recipes.zs:60: Could not resolve <galacticraftcore : basic_item : 9>
[INITIALIZATION][CLIENT][ERROR] recipes.zs:60: Could not resolve <galacticraftcore : basic_item : 9>
[INITIALIZATION][CLIENT][ERROR] recipes.zs:60: Could not resolve <extraplanets : wafer>
[INITIALIZATION][CLIENT][ERROR] recipes.zs:60: Could not resolve <galacticraftcore : basic_item : 9>
[INITIALIZATION][CLIENT][ERROR] recipes.zs:60: Could not resolve <galacticraftcore : basic_item : 9>
[INITIALIZATION][CLIENT][ERROR] recipes.zs:61: Could not resolve <extraplanets : schematic_tier10>
[INITIALIZATION][CLIENT][ERROR] recipes.zs:61: Could not resolve <extraplanets : tier10_items : 3>
[INITIALIZATION][CLIENT][ERROR] recipes.zs:61: Could not resolve <extraplanets : eris : 7>
[INITIALIZATION][CLIENT][ERROR] recipes.zs:61: Could not resolve <extraplanets : tier10_items : 3>
[INITIALIZATION][CLIENT][ERROR] recipes.zs:61: Could not resolve <extraplanets : eris : 7>
[INITIALIZATION][CLIENT][ERROR] recipes.zs:61: Could not resolve <extraplanets : item_tier10_rocket : 1>
[INITIALIZATION][CLIENT][ERROR] recipes.zs:61: Could not resolve <extraplanets : eris : 7>
[INITIALIZATION][CLIENT][ERROR] recipes.zs:61: Could not resolve <extraplanets : tier10_items : 3>
[INITIALIZATION][CLIENT][ERROR] recipes.zs:61: Could not resolve <extraplanets : eris : 7>
[INITIALIZATION][CLIENT][ERROR] recipes.zs:61: Could not resolve <extraplanets : tier10_items : 3>
[INITIALIZATION][CLIENT][ERROR] recipes.zs:62: Could not resolve <extraplanets : schematic_tier9>
[INITIALIZATION][CLIENT][ERROR] recipes.zs:62: Could not resolve <extraplanets : tier9_items : 3>
[INITIALIZATION][CLIENT][ERROR] recipes.zs:62: Could not resolve <extraplanets : pluto : 7>
[INITIALIZATION][CLIENT][ERROR] recipes.zs:62: Could not resolve <extraplanets : tier9_items : 3>
[INITIALIZATION][CLIENT][ERROR] recipes.zs:62: Could not resolve <extraplanets : pluto : 7>
[INITIALIZATION][CLIENT][ERROR] recipes.zs:62: Could not resolve <extraplanets : item_tier9_rocket>
[INITIALIZATION][CLIENT][ERROR] recipes.zs:62: Could not resolve <extraplanets : pluto : 7>
[INITIALIZATION][CLIENT][ERROR] recipes.zs:62: Could not resolve <extraplanets : tier9_items : 3>
[INITIALIZATION][CLIENT][ERROR] recipes.zs:62: Could not resolve <extraplanets : pluto : 7>
[INITIALIZATION][CLIENT][ERROR] recipes.zs:62: Could not resolve <extraplanets : tier9_items : 3>
[INITIALIZATION][CLIENT][ERROR] recipes.zs:63: Could not resolve <extraplanets : schematic_tier8>
[INITIALIZATION][CLIENT][ERROR] recipes.zs:63: Could not resolve <extraplanets : tier8_items : 3>
[INITIALIZATION][CLIENT][ERROR] recipes.zs:63: Could not resolve <extraplanets : neptune : 7>
[INITIALIZATION][CLIENT][ERROR] recipes.zs:63: Could not resolve <extraplanets : tier8_items : 3>
[INITIALIZATION][CLIENT][ERROR] recipes.zs:63: Could not resolve <extraplanets : neptune : 7>
[INITIALIZATION][CLIENT][ERROR] recipes.zs:63: Could not resolve <extraplanets : item_tier8_rocket>
[INITIALIZATION][CLIENT][ERROR] recipes.zs:63: Could not resolve <extraplanets : neptune : 7>
[INITIALIZATION][CLIENT][ERROR] recipes.zs:63: Could not resolve <extraplanets : tier8_items : 3>
[INITIALIZATION][CLIENT][ERROR] recipes.zs:63: Could not resolve <extraplanets : neptune : 7>
[INITIALIZATION][CLIENT][ERROR] recipes.zs:63: Could not resolve <extraplanets : tier8_items : 3>
[INITIALIZATION][CLIENT][ERROR] recipes.zs:64: Could not resolve <extraplanets : schematic_tier7>
[INITIALIZATION][CLIENT][ERROR] recipes.zs:64: Could not resolve <extraplanets : tier7_items : 3>
[INITIALIZATION][CLIENT][ERROR] recipes.zs:64: Could not resolve <extraplanets : uranus : 4>
[INITIALIZATION][CLIENT][ERROR] recipes.zs:64: Could not resolve <extraplanets : tier7_items : 3>
[INITIALIZATION][CLIENT][ERROR] recipes.zs:64: Could not resolve <extraplanets : uranus : 4>
[INITIALIZATION][CLIENT][ERROR] recipes.zs:64: Could not resolve <extraplanets : item_tier7_rocket>
[INITIALIZATION][CLIENT][ERROR] recipes.zs:64: Could not resolve <extraplanets : uranus : 4>
[INITIALIZATION][CLIENT][ERROR] recipes.zs:64: Could not resolve <extraplanets : tier7_items : 3>
[INITIALIZATION][CLIENT][ERROR] recipes.zs:64: Could not resolve <extraplanets : uranus : 4>
[INITIALIZATION][CLIENT][ERROR] recipes.zs:64: Could not resolve <extraplanets : tier7_items : 3>
[INITIALIZATION][CLIENT][ERROR] recipes.zs:65: Could not resolve <extraplanets : schematic_tier6>
[INITIALIZATION][CLIENT][ERROR] recipes.zs:65: Could not resolve <extraplanets : tier6_items : 3>
[INITIALIZATION][CLIENT][ERROR] recipes.zs:65: Could not resolve <extraplanets : saturn : 7>
[INITIALIZATION][CLIENT][ERROR] recipes.zs:65: Could not resolve <extraplanets : tier6_items : 3>
[INITIALIZATION][CLIENT][ERROR] recipes.zs:65: Could not resolve <extraplanets : saturn : 7>
[INITIALIZATION][CLIENT][ERROR] recipes.zs:65: Could not resolve <extraplanets : item_tier6_rocket>
[INITIALIZATION][CLIENT][ERROR] recipes.zs:65: Could not resolve <extraplanets : saturn : 7>
[INITIALIZATION][CLIENT][ERROR] recipes.zs:65: Could not resolve <extraplanets : tier6_items : 3>
[INITIALIZATION][CLIENT][ERROR] recipes.zs:65: Could not resolve <extraplanets : saturn : 7>
[INITIALIZATION][CLIENT][ERROR] recipes.zs:65: Could not resolve <extraplanets : tier6_items : 3>
[INITIALIZATION][CLIENT][ERROR] recipes.zs:66: Could not resolve <extraplanets : schematic_tier5>
[INITIALIZATION][CLIENT][ERROR] recipes.zs:66: Could not resolve <extraplanets : tier5_items : 3>
[INITIALIZATION][CLIENT][ERROR] recipes.zs:66: Could not resolve <extraplanets : jupiter : 8>
[INITIALIZATION][CLIENT][ERROR] recipes.zs:66: Could not resolve <extraplanets : tier5_items : 3>
[INITIALIZATION][CLIENT][ERROR] recipes.zs:66: Could not resolve <extraplanets : jupiter : 8>
[INITIALIZATION][CLIENT][ERROR] recipes.zs:66: Could not resolve <extraplanets : item_tier5_rocket>
[INITIALIZATION][CLIENT][ERROR] recipes.zs:66: Could not resolve <extraplanets : jupiter : 8>
[INITIALIZATION][CLIENT][ERROR] recipes.zs:66: Could not resolve <extraplanets : tier5_items : 3>
[INITIALIZATION][CLIENT][ERROR] recipes.zs:66: Could not resolve <extraplanets : jupiter : 8>
[INITIALIZATION][CLIENT][ERROR] recipes.zs:66: Could not resolve <extraplanets : tier5_items : 3>
[INITIALIZATION][CLIENT][ERROR] recipes.zs:67: Could not resolve <extraplanets : schematic_tier4>
[INITIALIZATION][CLIENT][ERROR] recipes.zs:67: Could not resolve <extraplanets : tier4_items : 3>
[INITIALIZATION][CLIENT][ERROR] recipes.zs:67: Could not resolve <extraplanets : mercury : 7>
[INITIALIZATION][CLIENT][ERROR] recipes.zs:67: Could not resolve <extraplanets : tier4_items : 3>
[INITIALIZATION][CLIENT][ERROR] recipes.zs:67: Could not resolve <extraplanets : mercury : 7>
[INITIALIZATION][CLIENT][ERROR] recipes.zs:67: Could not resolve <extraplanets : item_tier4_rocket>
[INITIALIZATION][CLIENT][ERROR] recipes.zs:67: Could not resolve <extraplanets : mercury : 7>
[INITIALIZATION][CLIENT][ERROR] recipes.zs:67: Could not resolve <extraplanets : tier4_items : 3>
[INITIALIZATION][CLIENT][ERROR] recipes.zs:67: Could not resolve <extraplanets : mercury : 7>
[INITIALIZATION][CLIENT][ERROR] recipes.zs:67: Could not resolve <extraplanets : tier4_items : 3>
[INITIALIZATION][CLIENT][ERROR] recipes.zs:68: Could not resolve <galacticraftplanets : schematic>
[INITIALIZATION][CLIENT][ERROR] recipes.zs:68: Could not resolve <galacticraftplanets : item_basic_mars : 3>
[INITIALIZATION][CLIENT][ERROR] recipes.zs:68: Could not resolve <galacticraftplanets : mars : 8>
[INITIALIZATION][CLIENT][ERROR] recipes.zs:68: Could not resolve <galacticraftplanets : item_basic_mars : 3>
[INITIALIZATION][CLIENT][ERROR] recipes.zs:68: Could not resolve <galacticraftplanets : mars : 8>
[INITIALIZATION][CLIENT][ERROR] recipes.zs:68: Could not resolve <galacticraftplanets : rocket_t2>
[INITIALIZATION][CLIENT][ERROR] recipes.zs:68: Could not resolve <galacticraftplanets : mars : 8>
[INITIALIZATION][CLIENT][ERROR] recipes.zs:68: Could not resolve <galacticraftplanets : item_basic_mars : 3>
[INITIALIZATION][CLIENT][ERROR] recipes.zs:68: Could not resolve <galacticraftplanets : mars : 8>
[INITIALIZATION][CLIENT][ERROR] recipes.zs:68: Could not resolve <galacticraftplanets : item_basic_mars : 3>
[INITIALIZATION][CLIENT][ERROR] recipes.zs:69: Could not resolve <galacticraftcore : schematic : 1>
[INITIALIZATION][CLIENT][ERROR] recipes.zs:69: Could not resolve <galacticraftcore : heavy_plating>
[INITIALIZATION][CLIENT][ERROR] recipes.zs:69: Could not resolve <galacticraftcore : basic_block_core : 12>
[INITIALIZATION][CLIENT][ERROR] recipes.zs:69: Could not resolve <galacticraftcore : heavy_plating>
[INITIALIZATION][CLIENT][ERROR] recipes.zs:69: Could not resolve <galacticraftcore : basic_block_core : 12>
[INITIALIZATION][CLIENT][ERROR] recipes.zs:69: Could not resolve <galacticraftcore : rocket_t1>
[INITIALIZATION][CLIENT][ERROR] recipes.zs:69: Could not resolve <galacticraftcore : basic_block_core : 12>
[INITIALIZATION][CLIENT][ERROR] recipes.zs:69: Could not resolve <galacticraftcore : heavy_plating>
[INITIALIZATION][CLIENT][ERROR] recipes.zs:69: Could not resolve <galacticraftcore : basic_block_core : 12>
[INITIALIZATION][CLIENT][ERROR] recipes.zs:69: Could not resolve <galacticraftcore : heavy_plating>
[INITIALIZATION][CLIENT][ERROR] recipes.zs:70: Could not resolve <galacticraftcore : dungeonfinder>
[INITIALIZATION][CLIENT][ERROR] recipes.zs:71: Could not resolve <extraplanets : tier4_items : 1>
[INITIALIZATION][CLIENT][ERROR] recipes.zs:71: Could not resolve <galacticraftcore : fuel_canister_partial : 1>
[INITIALIZATION][CLIENT][ERROR] recipes.zs:72: Could not resolve <extraplanets : nose_cone_tier4>
[INITIALIZATION][CLIENT][ERROR] recipes.zs:73: Could not resolve <extraplanets : tier4_items>
[INITIALIZATION][CLIENT][ERROR] recipes.zs:74: Could not resolve <extraplanets : tier4_items : 2>
[INITIALIZATION][CLIENT][ERROR] recipes.zs:75: Could not resolve <extraplanets : tier5_items : 2>
[INITIALIZATION][CLIENT][ERROR] recipes.zs:76: Could not resolve <extraplanets : tier5_items>
[INITIALIZATION][CLIENT][ERROR] recipes.zs:77: Could not resolve <extraplanets : nose_cone_tier5>
[INITIALIZATION][CLIENT][ERROR] recipes.zs:78: Could not resolve <extraplanets : tier5_items : 1>
[INITIALIZATION][CLIENT][ERROR] recipes.zs:79: Could not resolve <extraplanets : tier6_items : 2>
[INITIALIZATION][CLIENT][ERROR] recipes.zs:80: Could not resolve <extraplanets : tier6_items>
[INITIALIZATION][CLIENT][ERROR] recipes.zs:81: Could not resolve <extraplanets : nose_cone_tier6>
[INITIALIZATION][CLIENT][ERROR] recipes.zs:82: Could not resolve <extraplanets : tier6_items : 1>
[INITIALIZATION][CLIENT][ERROR] recipes.zs:83: Could not resolve <extraplanets : tier7_items : 2>
[INITIALIZATION][CLIENT][ERROR] recipes.zs:84: Could not resolve <extraplanets : tier7_items>
[INITIALIZATION][CLIENT][ERROR] recipes.zs:85: Could not resolve <extraplanets : nose_cone_tier7>
[INITIALIZATION][CLIENT][ERROR] recipes.zs:86: Could not resolve <extraplanets : tier7_items : 1>
[INITIALIZATION][CLIENT][ERROR] recipes.zs:87: Could not resolve <extraplanets : tier8_items : 2>
[INITIALIZATION][CLIENT][ERROR] recipes.zs:88: Could not resolve <extraplanets : tier8_items>
[INITIALIZATION][CLIENT][ERROR] recipes.zs:89: Could not resolve <extraplanets : nose_cone_tier8>
[INITIALIZATION][CLIENT][ERROR] recipes.zs:90: Could not resolve <extraplanets : tier8_items : 1>
[INITIALIZATION][CLIENT][ERROR] recipes.zs:91: Could not resolve <extraplanets : tier9_items : 1>
[INITIALIZATION][CLIENT][ERROR] recipes.zs:92: Could not resolve <extraplanets : tier9_items : 2>
[INITIALIZATION][CLIENT][ERROR] recipes.zs:93: Could not resolve <extraplanets : tier9_items>
[INITIALIZATION][CLIENT][ERROR] recipes.zs:94: Could not resolve <extraplanets : nose_cone_tier9>
[INITIALIZATION][CLIENT][ERROR] recipes.zs:95: Could not resolve <extraplanets : tier10_items : 2>
[INITIALIZATION][CLIENT][ERROR] recipes.zs:96: Could not resolve <extraplanets : tier10_items : 1>
[INITIALIZATION][CLIENT][ERROR] recipes.zs:97: Could not resolve <extraplanets : tier10_items>
[INITIALIZATION][CLIENT][ERROR] recipes.zs:98: Could not resolve <extraplanets : nose_cone_tier10>
[INITIALIZATION][CLIENT][ERROR] [crafttweaker]: Error executing {[0:crafttweaker]: recipes.zs}: null
java.lang.NullPointerException
	at Recipes.__script__(recipes.zs:5)
	at __ZenMain__.run(Recipes)
	at crafttweaker.runtime.CrTTweaker.loadScript(CrTTweaker.java:221)
	at crafttweaker.runtime.CrTTweaker.loadScript(CrTTweaker.java:101)
	at crafttweaker.mc1120.events.CommonEventHandler.registerRecipes(CommonEventHandler.java:68)
	at net.minecraftforge.fml.common.eventhandler.ASMEventHandler_889_CommonEventHandler_registerRecipes_Register.invoke(.dynamic)
	at net.minecraftforge.fml.common.eventhandler.ASMEventHandler.invoke(ASMEventHandler.java:90)
	at net.minecraftforge.fml.common.eventhandler.EventBus$1.invoke(EventBus.java:144)
	at net.minecraftforge.fml.common.eventhandler.EventBus.post(EventBus.java:182)
	at net.minecraftforge.registries.GameData.fireRegistryEvents(GameData.java:814)
	at net.minecraftforge.common.crafting.CraftingHelper.loadRecipes(CraftingHelper.java:624)
	at net.minecraftforge.fml.common.Loader.initializeMods(Loader.java:742)
	at net.minecraftforge.fml.client.FMLClientHandler.finishMinecraftLoading(FMLClientHandler.java:336)
	at net.minecraft.client.Minecraft.func_71384_a(Minecraft.java:535)
	at net.minecraft.client.Minecraft.func_99999_d(Minecraft.java:3931)
	at net.minecraft.client.main.Main.main(SourceFile:123)
	at sun.reflect.NativeMethodAccessorImpl.invoke0(Native Method)
	at sun.reflect.NativeMethodAccessorImpl.invoke(NativeMethodAccessorImpl.java:62)
	at sun.reflect.DelegatingMethodAccessorImpl.invoke(DelegatingMethodAccessorImpl.java:43)
	at java.lang.reflect.Method.invoke(Method.java:497)
	at net.minecraft.launchwrapper.Launch.launch(Launch.java:135)
	at net.minecraft.launchwrapper.Launch.main(Launch.java:28)
[INITIALIZATION][CLIENT][INFO] Completed script loading in: 905ms
[AVAILABLE][CLIENT][INFO] Altering Pulverizer Recipe(s) for <draconicevolution:draconium_ore>
[AVAILABLE][CLIENT][INFO] Altering InductionSmelter Recipe(s) for <woot:stygianironingot>
[AVAILABLE][CLIENT][INFO] Altering Pulverizer Recipe(s) for <woot:soulsanddust> * 2
[AVAILABLE][CLIENT][INFO] Altering Pulverizer Recipe(s) for <woot:stygianirondust> * 2
[AVAILABLE][CLIENT][INFO] Altering Crucible Recipe(s) for <liquid:pyrotheum> * 1000
[AVAILABLE][CLIENT][INFO] Altering Crucible Recipe(s) for <liquid:cryotheum> * 1000
[AVAILABLE][CLIENT][INFO] Altering Crucible Recipe(s) for <liquid:experience> * 500
[AVAILABLE][CLIENT][INFO] Altering Crucible Recipe(s) for <liquid:mushroom_stew> * 1000
[AVAILABLE][CLIENT][INFO] Altering Compactor Recipe(s) for <woot:stygianironplate> in mode: ALL
[SERVER_STARTED][CLIENT][INFO] Fixed the RecipeBook
