#
# A fatal error has been detected by the Java Runtime Environment:
#
#  EXCEPTION_ACCESS_VIOLATION (0xc0000005) at pc=0x000000002cfff3c3, pid=1792, tid=49560
#
# JRE version: Java(TM) SE Runtime Environment (8.0_51-b16) (build 1.8.0_51-b16)
# Java VM: Java HotSpot(TM) 64-Bit Server VM (25.51-b03 mixed mode windows-amd64 compressed oops)
# Problematic frame:
# C  0x000000002cfff3c3
#
# Failed to write core dump. Minidumps are not enabled by default on client versions of Windows
#
# If you would like to submit a bug report, please visit:
#   http://bugreport.java.com/bugreport/crash.jsp
# The crash happened outside the Java Virtual Machine in native code.
# See problematic frame for where to report the bug.
#

---------------  T H R E A D  ---------------

Current thread (0x0000000002365000):  JavaThread "Client thread" [_thread_in_native, id=49560, stack(0x0000000002160000,0x0000000002260000)]

siginfo: ExceptionCode=0xc0000005, reading address 0x00000000427e89b0

Registers:
RAX=0x00000000b1d40000, RBX=0x000000002f290000, RCX=0x00000000000493c4, RDX=0x0000000000002f40
RSP=0x000000000225dda0, RBP=0x00000000331fd040, RSI=0x00000000427e89b0, RDI=0x0000000000200a5c
R8 =0x00000000000493c4, R9 =0x0000000000002f40, R10=0x00000000331fd040, R11=0x0000000000000000
R12=0x0000000000000000, R13=0x0000000000000000, R14=0x0000000000000007, R15=0x00000000b1d40000
RIP=0x000000002cfff3c3, EFLAGS=0x0000000000010216

Top of Stack: (sp=0x000000000225dda0)
0x000000000225dda0:   00000000a625fa1c 00000000000493c4
0x000000000225ddb0:   0000000000002f40 000000002f290000
0x000000000225ddc0:   00000000331fd040 000000005600bb59
0x000000000225ddd0:   000000002f290000 00000000331fd040
0x000000000225dde0:   0000000000002f40 000000002f290000
0x000000000225ddf0:   000000000225def0 00000000331fd040
0x000000000225de00:   0000000000000007 000000002f2e7768
0x000000000225de10:   000000000016d000 00000000ae35b060
0x000000000225de20:   000000002f290000 000000000000001e
0x000000000225de30:   0000000000000008 000000005600e727
0x000000000225de40:   0000000000000000 0000000000000001
0x000000000225de50:   000000002f2e7768 0000000000000007
0x000000000225de60:   00000000331fd040 00000000ae4c8040
0x000000000225de70:   00000000331fd040 00000000331fd040
0x000000000225de80:   0000000000000007 00000000ae35b040
0x000000000225de90:   0000000000000007 000000005600eb67 

Instructions: (pc=0x000000002cfff3c3)
0x000000002cfff3a3:   d1 48 be 40 82 2e 2f 00 00 00 00 48 8b 36 48 8b
0x000000002cfff3b3:   76 08 48 8b f9 48 c1 e7 03 48 2b f9 48 8d 34 be
0x000000002cfff3c3:   8b 3e 8b 6e 04 89 38 89 68 04 8b 7e 08 89 78 08
0x000000002cfff3d3:   48 be 40 82 2e 2f 00 00 00 00 48 8b 36 48 8b 76 


Register to memory mapping:

RAX=0x00000000b1d40000 is an unknown value
RBX=0x000000002f290000 is an unknown value
RCX=0x00000000000493c4 is an unknown value
RDX=0x0000000000002f40 is an unknown value
RSP=0x000000000225dda0 is pointing into the stack for thread: 0x0000000002365000
RBP=0x00000000331fd040 is an unknown value
RSI=0x00000000427e89b0 is an unknown value
RDI=0x0000000000200a5c is an unknown value
R8 =0x00000000000493c4 is an unknown value
R9 =0x0000000000002f40 is an unknown value
R10=0x00000000331fd040 is an unknown value
R11=0x0000000000000000 is an unknown value
R12=0x0000000000000000 is an unknown value
R13=0x0000000000000000 is an unknown value
R14=0x0000000000000007 is an unknown value
R15=0x00000000b1d40000 is an unknown value


Stack: [0x0000000002160000,0x0000000002260000],  sp=0x000000000225dda0,  free space=1015k
Native frames: (J=compiled Java code, j=interpreted, Vv=VM code, C=native code)
C  0x000000002cfff3c3

Java frames: (J=compiled Java code, j=interpreted, Vv=VM code)
J 42652  org.lwjgl.opengl.GL14.nglMultiDrawArrays(IJJIJ)V (0 bytes) @ 0x0000000008ef2f16 [0x0000000008ef2ec0+0x56]
J 60755 C2 net.optifine.render.VboRegion.finishDraw(Lnet/minecraft/client/renderer/VboRenderList;)V (90 bytes) @ 0x000000000ab581d0 [0x000000000ab57ec0+0x310]
J 64173 C2 net.minecraft.client.renderer.VboRenderList.func_178001_a(Lnet/minecraft/util/BlockRenderLayer;)V (246 bytes) @ 0x000000000990bff0 [0x000000000990bc20+0x3d0]
J 64732 C2 net.minecraft.client.renderer.RenderGlobal.func_174977_a(Lnet/minecraft/util/BlockRenderLayer;DILnet/minecraft/entity/Entity;)I (450 bytes) @ 0x000000000c10cfe4 [0x000000000c10bdc0+0x1224]
J 69771 C2 net.minecraft.client.renderer.EntityRenderer.func_175068_a(IFJ)V (2058 bytes) @ 0x000000000c22696c [0x000000000c225600+0x136c]
J 60270 C2 net.minecraft.client.renderer.EntityRenderer.func_78471_a(FJ)V (154 bytes) @ 0x0000000007ef8cfc [0x0000000007ef8920+0x3dc]
J 70301 C1 net.minecraft.client.renderer.EntityRenderer.func_181560_a(FJ)V (1118 bytes) @ 0x000000000cc03bd4 [0x000000000cc02240+0x1994]
J 70209 C1 net.minecraft.client.Minecraft.func_71411_J()V (965 bytes) @ 0x000000000c9024cc [0x000000000c8ffc00+0x28cc]
j  net.minecraft.client.Minecraft.func_99999_d()V+53
j  net.minecraft.client.main.Main.main([Ljava/lang/String;)V+1094
v  ~StubRoutines::call_stub
j  sun.reflect.NativeMethodAccessorImpl.invoke0(Ljava/lang/reflect/Method;Ljava/lang/Object;[Ljava/lang/Object;)Ljava/lang/Object;+0
j  sun.reflect.NativeMethodAccessorImpl.invoke(Ljava/lang/Object;[Ljava/lang/Object;)Ljava/lang/Object;+100
J 1855 C1 sun.reflect.DelegatingMethodAccessorImpl.invoke(Ljava/lang/Object;[Ljava/lang/Object;)Ljava/lang/Object; (10 bytes) @ 0x000000000256e64c [0x000000000256e540+0x10c]
J 1854 C1 java.lang.reflect.Method.invoke(Ljava/lang/Object;[Ljava/lang/Object;)Ljava/lang/Object; (62 bytes) @ 0x000000000257d66c [0x000000000257d280+0x3ec]
j  net.minecraft.launchwrapper.Launch.launch([Ljava/lang/String;)V+661
j  net.minecraft.launchwrapper.Launch.main([Ljava/lang/String;)V+8
v  ~StubRoutines::call_stub

---------------  P R O C E S S  ---------------

Java Threads: ( => current thread )
  0x000000004c74b000 JavaThread "pool-6-thread-3" [_thread_blocked, id=16936, stack(0x00000000386d0000,0x00000000387d0000)]
  0x0000000051056800 JavaThread "Chunk Batcher 23" daemon [_thread_blocked, id=54780, stack(0x000000003c4b0000,0x000000003c5b0000)]
  0x0000000051055000 JavaThread "Chunk Batcher 22" daemon [_thread_blocked, id=23992, stack(0x000000003a040000,0x000000003a140000)]
  0x000000005104c000 JavaThread "Chunk Batcher 21" daemon [_thread_blocked, id=4000, stack(0x0000000039a20000,0x0000000039b20000)]
  0x0000000051048800 JavaThread "Chunk Batcher 20" daemon [_thread_blocked, id=48520, stack(0x0000000039820000,0x0000000039920000)]
  0x000000005104a800 JavaThread "Chunk Batcher 19" daemon [_thread_blocked, id=17204, stack(0x0000000039520000,0x0000000039620000)]
  0x0000000030a8f000 JavaThread "Chunk Batcher 18" daemon [_thread_blocked, id=82040, stack(0x00000000389d0000,0x0000000038ad0000)]
  0x0000000030a8c000 JavaThread "Chunk Batcher 17" daemon [_thread_blocked, id=19616, stack(0x00000000388d0000,0x00000000389d0000)]
  0x0000000030a8b000 JavaThread "Chunk Batcher 16" daemon [_thread_blocked, id=36420, stack(0x00000000387d0000,0x00000000388d0000)]
  0x0000000030a83800 JavaThread "Netty Server IO #5" daemon [_thread_in_native, id=43276, stack(0x000000003d360000,0x000000003d460000)]
  0x0000000046933800 JavaThread "Netty Local Client IO #2" daemon [_thread_blocked, id=81808, stack(0x000000003c9b0000,0x000000003cab0000)]
  0x000000004693e800 JavaThread "Netty Server IO #4" daemon [_thread_in_native, id=87752, stack(0x000000003c1b0000,0x000000003c2b0000)]
  0x0000000051051800 JavaThread "AE Compass Service" [_thread_blocked, id=58388, stack(0x0000000039f40000,0x000000003a040000)]
  0x0000000051058000 JavaThread "ICBM-Classic-WorkerThread-3" daemon [_thread_blocked, id=8776, stack(0x0000000039e40000,0x0000000039f40000)]
  0x0000000051050800 JavaThread "ICBM-Classic-WorkerThread-2" daemon [_thread_blocked, id=58716, stack(0x0000000039d40000,0x0000000039e40000)]
  0x0000000051057800 JavaThread "ICBM-Classic-WorkerThread-1" daemon [_thread_blocked, id=20040, stack(0x0000000039c40000,0x0000000039d40000)]
  0x0000000051050000 JavaThread "ICBM-Classic-WorkerThread-0" daemon [_thread_blocked, id=66340, stack(0x0000000039b40000,0x0000000039c40000)]
  0x0000000051056000 JavaThread "VS World Thread 28" [_thread_blocked, id=26892, stack(0x0000000039720000,0x0000000039820000)]
  0x000000005104e800 JavaThread "VS World Thread 27" [_thread_blocked, id=48564, stack(0x0000000039620000,0x0000000039720000)]
  0x0000000051047000 JavaThread "VS World Thread 25" [_thread_blocked, id=15452, stack(0x0000000038ad0000,0x0000000038bd0000)]
  0x000000004dd4c800 JavaThread "World Simulation Thread" [_thread_blocked, id=73376, stack(0x00000000385d0000,0x00000000386d0000)]
  0x000000004dd4b000 JavaThread "pool-3-thread-2" [_thread_in_Java, id=78376, stack(0x00000000384d0000,0x00000000385d0000)]
  0x000000004dd49800 JavaThread "VS World Thread 20" [_thread_blocked, id=16860, stack(0x00000000383d0000,0x00000000384d0000)]
  0x000000004dd45800 JavaThread "Server thread" [_thread_in_native, id=1948, stack(0x00000000381b0000,0x00000000382b0000)]
  0x000000004dd45000 JavaThread "Snooper Timer" daemon [_thread_blocked, id=26916, stack(0x0000000000760000,0x0000000000860000)]
  0x000000004693c800 JavaThread "Netty Server IO #3" daemon [_thread_in_native, id=32464, stack(0x000000006c460000,0x000000006c560000)]
  0x000000004693b000 JavaThread "Netty Local Client IO #1" daemon [_thread_blocked, id=38312, stack(0x000000006c360000,0x000000006c460000)]
  0x0000000046941000 JavaThread "Netty Server IO #2" daemon [_thread_in_native, id=20848, stack(0x000000006c260000,0x000000006c360000)]
  0x0000000051053000 JavaThread "pool-3-thread-1" [_thread_blocked, id=39084, stack(0x0000000039920000,0x0000000039a20000)]
  0x0000000046da3000 JavaThread "Narrator" daemon [_thread_blocked, id=64828, stack(0x000000002a500000,0x000000002a600000)]
  0x00000000a889c000 JavaThread "pool-15-thread-8" [_thread_blocked, id=2604, stack(0x00000000a7f00000,0x00000000a8000000)]
  0x00000000a889d800 JavaThread "pool-15-thread-7" [_thread_blocked, id=10140, stack(0x00000000a7e00000,0x00000000a7f00000)]
  0x0000000024ea5800 JavaThread "pool-15-thread-6" [_thread_blocked, id=58040, stack(0x0000000098730000,0x0000000098830000)]
  0x0000000030a8c800 JavaThread "pool-15-thread-5" [_thread_blocked, id=19228, stack(0x0000000098630000,0x0000000098730000)]
  0x0000000030a85000 JavaThread "pool-15-thread-4" [_thread_blocked, id=65244, stack(0x0000000098530000,0x0000000098630000)]
  0x000000004693f800 JavaThread "pool-15-thread-3" [_thread_blocked, id=44240, stack(0x00000000981d0000,0x00000000982d0000)]
  0x0000000046935000 JavaThread "pool-15-thread-2" [_thread_blocked, id=31524, stack(0x00000000980d0000,0x00000000981d0000)]
  0x000000004c74e000 JavaThread "pool-15-thread-1" [_thread_blocked, id=66428, stack(0x0000000097560000,0x0000000097660000)]
  0x000000004dd48800 JavaThread "JM-texture-3" [_thread_blocked, id=60816, stack(0x0000000097680000,0x0000000097780000)]
  0x000000004dd41000 JavaThread "JM-texture-2" [_thread_blocked, id=78868, stack(0x0000000092c80000,0x0000000092d80000)]
  0x000000004dd46800 JavaThread "Chunk I/O Executor Thread-1" daemon [_thread_blocked, id=50172, stack(0x0000000092e80000,0x0000000092f80000)]
  0x0000000046937000 JavaThread "ModelCleanupTimer" daemon [_thread_blocked, id=36140, stack(0x0000000068340000,0x0000000068440000)]
  0x000000004693d000 JavaThread "Netty Server IO #1" daemon [_thread_in_native, id=53456, stack(0x0000000065640000,0x0000000065740000)]
  0x0000000046935800 JavaThread "Netty Local Client IO #0" daemon [_thread_blocked, id=45828, stack(0x000000003d460000,0x000000003d560000)]
  0x0000000046934000 JavaThread "Netty Server IO #0" daemon [_thread_in_native, id=82680, stack(0x000000003d260000,0x000000003d360000)]
  0x000000004693b800 JavaThread "File IO Thread" [_thread_blocked, id=26176, stack(0x000000006cee0000,0x000000006cfe0000)]
  0x0000000030a86000 JavaThread "Timer-0" [_thread_blocked, id=74704, stack(0x000000003c6b0000,0x000000003c7b0000)]
  0x0000000030a88000 JavaThread "Narrator" daemon [_thread_blocked, id=16888, stack(0x000000003cd60000,0x000000003ce60000)]
  0x000000004c749800 JavaThread "pool-7-thread-8" [_thread_blocked, id=32548, stack(0x0000000069e90000,0x0000000069f90000)]
  0x000000004c74b800 JavaThread "pool-7-thread-7" [_thread_blocked, id=60916, stack(0x0000000069d90000,0x0000000069e90000)]
  0x000000004c74c800 JavaThread "pool-7-thread-6" [_thread_blocked, id=57304, stack(0x0000000068a50000,0x0000000068b50000)]
  0x000000004c750000 JavaThread "pool-7-thread-5" [_thread_blocked, id=68244, stack(0x00000000684a0000,0x00000000685a0000)]
  0x000000004c74d000 JavaThread "pool-7-thread-4" [_thread_blocked, id=77680, stack(0x0000000068240000,0x0000000068340000)]
  0x000000004c74e800 JavaThread "pool-7-thread-3" [_thread_blocked, id=69764, stack(0x0000000068140000,0x0000000068240000)]
  0x000000004c745000 JavaThread "pool-7-thread-2" [_thread_blocked, id=28692, stack(0x0000000068040000,0x0000000068140000)]
  0x000000004c744000 JavaThread "pool-7-thread-1" [_thread_blocked, id=69228, stack(0x0000000065a40000,0x0000000065b40000)]
  0x000000004c748000 JavaThread "JM-VersionCheck-1" [_thread_blocked, id=43304, stack(0x0000000065940000,0x0000000065a40000)]
  0x000000004c745800 JavaThread "Ender IO Scheduler" [_thread_blocked, id=8600, stack(0x0000000065240000,0x0000000065340000)]
  0x000000004ab52800 JavaThread "AWT-Windows" daemon [_thread_in_native, id=52280, stack(0x0000000065340000,0x0000000065440000)]
  0x0000000024ea4000 JavaThread "anInnocuousThread" daemon [_thread_in_native, id=69808, stack(0x0000000065140000,0x0000000065240000)]
  0x0000000024ea3000 JavaThread "anInnocuousThread" daemon [_thread_in_native, id=19344, stack(0x0000000065040000,0x0000000065140000)]
  0x000000002d61a800 JavaThread "anInnocuousThread" daemon [_thread_in_native, id=86796, stack(0x0000000064f40000,0x0000000065040000)]
  0x000000002d61a000 JavaThread "anInnocuousThread" daemon [_thread_in_native, id=75604, stack(0x0000000064e40000,0x0000000064f40000)]
  0x000000002d619000 JavaThread "anInnocuousThread" daemon [_thread_in_native, id=41192, stack(0x0000000064680000,0x0000000064780000)]
  0x000000002d611000 JavaThread "anInnocuousThread" daemon [_thread_in_native, id=44920, stack(0x0000000057f40000,0x0000000058040000)]
  0x000000004e95a800 JavaThread "anInnocuousThread" daemon [_thread_in_native, id=43508, stack(0x0000000055110000,0x0000000055210000)]
  0x000000004e956000 JavaThread "anInnocuousThread" daemon [_thread_in_native, id=86484, stack(0x000000004f490000,0x000000004f590000)]
  0x000000004e958800 JavaThread "anInnocuousThread" daemon [_thread_in_native, id=24248, stack(0x000000004f110000,0x000000004f210000)]
  0x000000002d618800 JavaThread "Thread-14" [_thread_blocked, id=24056, stack(0x0000000000860000,0x0000000000960000)]
  0x000000002d61d000 JavaThread "Thread-13" [_thread_blocked, id=83056, stack(0x000000003ea00000,0x000000003eb00000)]
  0x000000002d611800 JavaThread "pool-4-thread-1" [_thread_blocked, id=8688, stack(0x0000000000660000,0x0000000000760000)]
  0x000000002d610000 JavaThread "Weather2 Foliage Enhancer" [_thread_blocked, id=51628, stack(0x000000002cef0000,0x000000002cff0000)]
  0x000000002d616000 JavaThread "Weather2 Scene Enhancer" [_thread_blocked, id=65440, stack(0x000000002cbf0000,0x000000002ccf0000)]
  0x0000000024e9f800 JavaThread "LWJGL Timer" daemon [_thread_blocked, id=22504, stack(0x000000003e700000,0x000000003e800000)]
  0x0000000028e9d000 JavaThread "Java2D Disposer" daemon [_thread_blocked, id=19104, stack(0x000000002f150000,0x000000002f250000)]
  0x000000002a4fe000 JavaThread "Timer hack thread" daemon [_thread_blocked, id=80004, stack(0x000000002dff0000,0x000000002e0f0000)]
  0x0000000026aae000 JavaThread "Snooper Timer" daemon [_thread_blocked, id=18576, stack(0x0000000029380000,0x0000000029480000)]
  0x0000000024f37800 JavaThread "Service Thread" daemon [_thread_blocked, id=17228, stack(0x0000000025860000,0x0000000025960000)]
  0x0000000024ea2800 JavaThread "C1 CompilerThread3" daemon [_thread_blocked, id=59280, stack(0x0000000025760000,0x0000000025860000)]
  0x0000000022ead000 JavaThread "C2 CompilerThread2" daemon [_thread_in_native, id=39376, stack(0x0000000025660000,0x0000000025760000)]
  0x0000000024e95800 JavaThread "C2 CompilerThread1" daemon [_thread_in_native, id=85628, stack(0x0000000025560000,0x0000000025660000)]
  0x0000000024e93800 JavaThread "C2 CompilerThread0" daemon [_thread_in_native, id=61564, stack(0x0000000025460000,0x0000000025560000)]
  0x0000000024e92800 JavaThread "Attach Listener" daemon [_thread_blocked, id=69460, stack(0x0000000025360000,0x0000000025460000)]
  0x0000000024e90800 JavaThread "Signal Dispatcher" daemon [_thread_blocked, id=15408, stack(0x0000000025260000,0x0000000025360000)]
  0x000000000245e000 JavaThread "Finalizer" daemon [_thread_blocked, id=67020, stack(0x0000000024d60000,0x0000000024e60000)]
  0x0000000022e9d800 JavaThread "Reference Handler" daemon [_thread_blocked, id=31156, stack(0x0000000024c60000,0x0000000024d60000)]
=>0x0000000002365000 JavaThread "Client thread" [_thread_in_native, id=49560, stack(0x0000000002160000,0x0000000002260000)]

Other Threads:
  0x0000000022e9a000 VMThread [stack: 0x0000000024b60000,0x0000000024c60000] [id=79948]
  0x0000000024f42000 WatcherThread [stack: 0x0000000025960000,0x0000000025a60000] [id=30872]

VM state:not at safepoint (normal execution)

VM Mutex/Monitor currently owned by a thread: None

Heap:
 PSYoungGen      total 2163200K, used 678157K [0x000000072b300000, 0x00000007c0000000, 0x00000007c0000000)
  eden space 1884160K, 35% used [0x000000072b300000,0x00000007549435b0,0x000000079e300000)
  from space 279040K, 0% used [0x00000007aef80000,0x00000007aef80000,0x00000007c0000000)
  to   space 274944K, 0% used [0x000000079e300000,0x000000079e300000,0x00000007aef80000)
 ParOldGen       total 3169280K, used 2864997K [0x0000000601800000, 0x00000006c2f00000, 0x000000072b300000)
  object space 3169280K, 90% used [0x0000000601800000,0x00000006b05d97c8,0x00000006c2f00000)
 Metaspace       used 298072K, capacity 311115K, committed 311256K, reserved 1310720K
  class space    used 46114K, capacity 49067K, committed 49152K, reserved 1048576K

Card table byte_map: [0x0000000011820000,0x0000000012620000] byte_map_base: 0x000000000e814000

Marking Bits: (ParMarkBitMap*) 0x0000000057eb4040
 Begin Bits: [0x0000000013770000, 0x000000001a710000)
 End Bits:   [0x000000001a710000, 0x00000000216b0000)

Polling page: 0x0000000000460000

CodeCache: size=245760Kb used=176642Kb max_used=177439Kb free=69117Kb
 bounds [0x0000000002460000, 0x000000000d330000, 0x0000000011460000]
 total_blobs=45093 nmethods=43027 adapters=1968
 compilation: enabled

Compilation events (10 events):
Event: 2044.766 Thread 0x0000000024ea2800 73803       1       net.minecraftforge.client.event.ClientChatReceivedEvent::getMessage (5 bytes)
Event: 2044.766 Thread 0x0000000024ea2800 nmethod 73803 0x0000000006279d10 code [0x0000000006279e60, 0x0000000006279f70]
Event: 2044.769 Thread 0x0000000024e93800 nmethod 73780 0x0000000007118c50 code [0x0000000007118ec0, 0x000000000711a4b8]
Event: 2044.769 Thread 0x0000000024e93800 73786       4       net.minecraft.advancements.PlayerAdvancements::func_192742_b (167 bytes)
Event: 2044.885 Thread 0x0000000024ea2800 73804       3       net.minecraft.client.gui.toasts.IToast::func_193652_b (4 bytes)
Event: 2044.887 Thread 0x0000000024ea2800 nmethod 73804 0x000000000c5e91d0 code [0x000000000c5e9320, 0x000000000c5e9470]
Event: 2044.888 Thread 0x0000000024ea2800 73805       1       net.minecraft.client.gui.toasts.IToast::func_193652_b (4 bytes)
Event: 2044.890 Thread 0x0000000024ea2800 nmethod 73805 0x000000000462d6d0 code [0x000000000462d820, 0x000000000462d930]
Event: 2044.940 Thread 0x0000000024ea2800 73809       3       net.minecraft.client.renderer.GlStateManager::func_179153_c (26 bytes)
Event: 2044.942 Thread 0x0000000024ea2800 nmethod 73809 0x0000000003644e10 code [0x0000000003645000, 0x00000000036457f8]

GC Heap History (10 events):
Event: 2025.772 GC heap before
{Heap before GC invocations=312 (full 23):
 PSYoungGen      total 2199552K, used 1960448K [0x000000072b300000, 0x00000007c0000000, 0x00000007c0000000)
  eden space 1960448K, 100% used [0x000000072b300000,0x00000007a2d80000,0x00000007a2d80000)
  from space 239104K, 0% used [0x00000007b1680000,0x00000007b1680000,0x00000007c0000000)
  to   space 238592K, 0% used [0x00000007a2d80000,0x00000007a2d80000,0x00000007b1680000)
 ParOldGen       total 3169280K, used 2833412K [0x0000000601800000, 0x00000006c2f00000, 0x000000072b300000)
  object space 3169280K, 89% used [0x0000000601800000,0x00000006ae701010,0x00000006c2f00000)
 Metaspace       used 297646K, capacity 310613K, committed 310872K, reserved 1310720K
  class space    used 46086K, capacity 49010K, committed 49024K, reserved 1048576K
Event: 2025.845 GC heap after
Heap after GC invocations=312 (full 23):
 PSYoungGen      total 2139648K, used 178852K [0x000000072b300000, 0x00000007c0000000, 0x00000007c0000000)
  eden space 1960448K, 0% used [0x000000072b300000,0x000000072b300000,0x00000007a2d80000)
  from space 179200K, 99% used [0x00000007a2d80000,0x00000007adc29328,0x00000007adc80000)
  to   space 260096K, 0% used [0x00000007b0200000,0x00000007b0200000,0x00000007c0000000)
 ParOldGen       total 3169280K, used 2833412K [0x0000000601800000, 0x00000006c2f00000, 0x000000072b300000)
  object space 3169280K, 89% used [0x0000000601800000,0x00000006ae701010,0x00000006c2f00000)
 Metaspace       used 297646K, capacity 310613K, committed 310872K, reserved 1310720K
  class space    used 46086K, capacity 49010K, committed 49024K, reserved 1048576K
}
Event: 2032.432 GC heap before
{Heap before GC invocations=313 (full 23):
 PSYoungGen      total 2139648K, used 2139300K [0x000000072b300000, 0x00000007c0000000, 0x00000007c0000000)
  eden space 1960448K, 100% used [0x000000072b300000,0x00000007a2d80000,0x00000007a2d80000)
  from space 179200K, 99% used [0x00000007a2d80000,0x00000007adc29328,0x00000007adc80000)
  to   space 260096K, 0% used [0x00000007b0200000,0x00000007b0200000,0x00000007c0000000)
 ParOldGen       total 3169280K, used 2833412K [0x0000000601800000, 0x00000006c2f00000, 0x000000072b300000)
  object space 3169280K, 89% used [0x0000000601800000,0x00000006ae701010,0x00000006c2f00000)
 Metaspace       used 297862K, capacity 310849K, committed 311000K, reserved 1310720K
  class space    used 46096K, capacity 49042K, committed 49152K, reserved 1048576K
Event: 2032.579 GC heap after
Heap after GC invocations=313 (full 23):
 PSYoungGen      total 2127872K, used 202848K [0x000000072b300000, 0x00000007c0000000, 0x00000007c0000000)
  eden space 1867776K, 0% used [0x000000072b300000,0x000000072b300000,0x000000079d300000)
  from space 260096K, 77% used [0x00000007b0200000,0x00000007bc8183a0,0x00000007c0000000)
  to   space 285184K, 0% used [0x000000079d300000,0x000000079d300000,0x00000007ae980000)
 ParOldGen       total 3169280K, used 2833412K [0x0000000601800000, 0x00000006c2f00000, 0x000000072b300000)
  object space 3169280K, 89% used [0x0000000601800000,0x00000006ae701010,0x00000006c2f00000)
 Metaspace       used 297862K, capacity 310849K, committed 311000K, reserved 1310720K
  class space    used 46096K, capacity 49042K, committed 49152K, reserved 1048576K
}
Event: 2036.431 GC heap before
{Heap before GC invocations=314 (full 23):
 PSYoungGen      total 2127872K, used 2070624K [0x000000072b300000, 0x00000007c0000000, 0x00000007c0000000)
  eden space 1867776K, 100% used [0x000000072b300000,0x000000079d300000,0x000000079d300000)
  from space 260096K, 77% used [0x00000007b0200000,0x00000007bc8183a0,0x00000007c0000000)
  to   space 285184K, 0% used [0x000000079d300000,0x000000079d300000,0x00000007ae980000)
 ParOldGen       total 3169280K, used 2833412K [0x0000000601800000, 0x00000006c2f00000, 0x000000072b300000)
  object space 3169280K, 89% used [0x0000000601800000,0x00000006ae701010,0x00000006c2f00000)
 Metaspace       used 297909K, capacity 310917K, committed 311256K, reserved 1310720K
  class space    used 46098K, capacity 49042K, committed 49152K, reserved 1048576K
Event: 2036.509 GC heap after
Heap after GC invocations=314 (full 23):
 PSYoungGen      total 2152960K, used 132880K [0x000000072b300000, 0x00000007c0000000, 0x00000007c0000000)
  eden space 1867776K, 0% used [0x000000072b300000,0x000000072b300000,0x000000079d300000)
  from space 285184K, 46% used [0x000000079d300000,0x00000007a54c4300,0x00000007ae980000)
  to   space 279040K, 0% used [0x00000007aef80000,0x00000007aef80000,0x00000007c0000000)
 ParOldGen       total 3169280K, used 2833412K [0x0000000601800000, 0x00000006c2f00000, 0x000000072b300000)
  object space 3169280K, 89% used [0x0000000601800000,0x00000006ae701010,0x00000006c2f00000)
 Metaspace       used 297909K, capacity 310917K, committed 311256K, reserved 1310720K
  class space    used 46098K, capacity 49042K, committed 49152K, reserved 1048576K
}
Event: 2037.425 GC heap before
{Heap before GC invocations=315 (full 23):
 PSYoungGen      total 2152960K, used 767581K [0x000000072b300000, 0x00000007c0000000, 0x00000007c0000000)
  eden space 1867776K, 33% used [0x000000072b300000,0x0000000751ed3208,0x000000079d300000)
  from space 285184K, 46% used [0x000000079d300000,0x00000007a54c4300,0x00000007ae980000)
  to   space 279040K, 0% used [0x00000007aef80000,0x00000007aef80000,0x00000007c0000000)
 ParOldGen       total 3169280K, used 2833412K [0x0000000601800000, 0x00000006c2f00000, 0x000000072b300000)
  object space 3169280K, 89% used [0x0000000601800000,0x00000006ae701010,0x00000006c2f00000)
 Metaspace       used 297993K, capacity 311055K, committed 311256K, reserved 1310720K
  class space    used 46109K, capacity 49059K, committed 49152K, reserved 1048576K
Event: 2037.486 GC heap after
Heap after GC invocations=315 (full 23):
 PSYoungGen      total 2163200K, used 139374K [0x000000072b300000, 0x00000007c0000000, 0x00000007c0000000)
  eden space 1884160K, 0% used [0x000000072b300000,0x000000072b300000,0x000000079e300000)
  from space 279040K, 49% used [0x00000007aef80000,0x00000007b779bab8,0x00000007c0000000)
  to   space 274944K, 0% used [0x000000079e300000,0x000000079e300000,0x00000007aef80000)
 ParOldGen       total 3169280K, used 2833420K [0x0000000601800000, 0x00000006c2f00000, 0x000000072b300000)
  object space 3169280K, 89% used [0x0000000601800000,0x00000006ae703010,0x00000006c2f00000)
 Metaspace       used 297993K, capacity 311055K, committed 311256K, reserved 1310720K
  class space    used 46109K, capacity 49059K, committed 49152K, reserved 1048576K
}
Event: 2037.487 GC heap before
{Heap before GC invocations=316 (full 24):
 PSYoungGen      total 2163200K, used 139374K [0x000000072b300000, 0x00000007c0000000, 0x00000007c0000000)
  eden space 1884160K, 0% used [0x000000072b300000,0x000000072b300000,0x000000079e300000)
  from space 279040K, 49% used [0x00000007aef80000,0x00000007b779bab8,0x00000007c0000000)
  to   space 274944K, 0% used [0x000000079e300000,0x000000079e300000,0x00000007aef80000)
 ParOldGen       total 3169280K, used 2833420K [0x0000000601800000, 0x00000006c2f00000, 0x000000072b300000)
  object space 3169280K, 89% used [0x0000000601800000,0x00000006ae703010,0x00000006c2f00000)
 Metaspace       used 297993K, capacity 311055K, committed 311256K, reserved 1310720K
  class space    used 46109K, capacity 49059K, committed 49152K, reserved 1048576K
Event: 2043.918 GC heap after
Heap after GC invocations=316 (full 24):
 PSYoungGen      total 2163200K, used 0K [0x000000072b300000, 0x00000007c0000000, 0x00000007c0000000)
  eden space 1884160K, 0% used [0x000000072b300000,0x000000072b300000,0x000000079e300000)
  from space 279040K, 0% used [0x00000007aef80000,0x00000007aef80000,0x00000007c0000000)
  to   space 274944K, 0% used [0x000000079e300000,0x000000079e300000,0x00000007aef80000)
 ParOldGen       total 3169280K, used 2864997K [0x0000000601800000, 0x00000006c2f00000, 0x000000072b300000)
  object space 3169280K, 90% used [0x0000000601800000,0x00000006b05d97c8,0x00000006c2f00000)
 Metaspace       used 297993K, capacity 311055K, committed 311256K, reserved 1310720K
  class space    used 46109K, capacity 49059K, committed 49152K, reserved 1048576K
}

Deoptimization events (10 events):
Event: 2044.881 Thread 0x0000000002365000 Uncommon trap: reason=unstable_if action=reinterpret pc=0x0000000008e5827c method=journeymap.client.render.draw.DrawUtil.drawLabel(Ljava/lang/String;DDLjourneymap/client/render/draw/DrawUtil$HAlign;Ljourneymap/client/render/draw/DrawUtil$VAlign;Ljava/lang/þ^¯U‡óŸ@
Event: 2044.882 Thread 0x0000000002365000 Uncommon trap: reason=bimorphic action=maybe_recompile pc=0x000000000a5d1034 method=net.minecraftforge.client.GuiIngameForge.renderToolHighlight(Lnet/minecraft/client/gui/ScaledResolution;)V @ 107
Event: 2044.882 Thread 0x0000000002365000 Uncommon trap: reason=bimorphic action=maybe_recompile pc=0x000000000be4df60 method=blusunrize.immersiveengineering.common.util.Utils.isHammer(Lnet/minecraft/item/ItemStack;)Z @ 14
Event: 2044.882 Thread 0x0000000002365000 Uncommon trap: reason=bimorphic action=maybe_recompile pc=0x0000000006b6ae54 method=blusunrize.immersiveengineering.common.util.Utils.isHammer(Lnet/minecraft/item/ItemStack;)Z @ 14
Event: 2044.915 Thread 0x0000000002365000 Uncommon trap: reason=bimorphic action=maybe_recompile pc=0x000000000a5d1034 method=net.minecraftforge.client.GuiIngameForge.renderToolHighlight(Lnet/minecraft/client/gui/ScaledResolution;)V @ 107
Event: 2044.915 Thread 0x0000000002365000 Uncommon trap: reason=bimorphic action=maybe_recompile pc=0x000000000be4df60 method=blusunrize.immersiveengineering.common.util.Utils.isHammer(Lnet/minecraft/item/ItemStack;)Z @ 14
Event: 2044.916 Thread 0x0000000002365000 Uncommon trap: reason=bimorphic action=maybe_recompile pc=0x0000000006b6ae54 method=blusunrize.immersiveengineering.common.util.Utils.isHammer(Lnet/minecraft/item/ItemStack;)Z @ 14
Event: 2044.926 Thread 0x0000000002365000 Uncommon trap: reason=bimorphic action=maybe_recompile pc=0x000000000a5d1034 method=net.minecraftforge.client.GuiIngameForge.renderToolHighlight(Lnet/minecraft/client/gui/ScaledResolution;)V @ 107
Event: 2044.926 Thread 0x0000000002365000 Uncommon trap: reason=bimorphic action=maybe_recompile pc=0x000000000be4df60 method=blusunrize.immersiveengineering.common.util.Utils.isHammer(Lnet/minecraft/item/ItemStack;)Z @ 14
Event: 2044.937 Thread 0x0000000002365000 Uncommon trap: reason=bimorphic action=maybe_recompile pc=0x000000000a5d1034 method=net.minecraftforge.client.GuiIngameForge.renderToolHighlight(Lnet/minecraft/client/gui/ScaledResolution;)V @ 107

Internal exceptions (10 events):
Event: 2044.730 Thread 0x000000002d61d000 Exception <a 'java/lang/InterruptedException': sleep interrupted> (0x000000074484d7f8) thrown at [C:\re\workspace\8-2-build-windows-amd64-cygwin\jdk8u51\3951\hotspot\src\share\vm\prims\jvm.cpp, line 3211]
Event: 2044.781 Thread 0x000000004dd45800 Implicit null exception at 0x00000000046bb27f to 0x00000000046bba85
Event: 2044.787 Thread 0x000000004dd45800 Exception <a 'sun/nio/fs/WindowsException'> (0x000000074aaa0d80) thrown at [C:\re\workspace\8-2-build-windows-amd64-cygwin\jdk8u51\3951\hotspot\src\share\vm\prims\jni.cpp, line 709]
Event: 2044.829 Thread 0x000000002d61d000 Exception <a 'java/lang/InterruptedException': sleep interrupted> (0x000000074484d9f8) thrown at [C:\re\workspace\8-2-build-windows-amd64-cygwin\jdk8u51\3951\hotspot\src\share\vm\prims\jvm.cpp, line 3211]
Event: 2044.910 Thread 0x000000002d61d000 Exception <a 'java/lang/InterruptedException': sleep interrupted> (0x000000074484dbf8) thrown at [C:\re\workspace\8-2-build-windows-amd64-cygwin\jdk8u51\3951\hotspot\src\share\vm\prims\jvm.cpp, line 3211]
Event: 2044.919 Thread 0x000000002d61d000 Exception <a 'java/lang/InterruptedException': sleep interrupted> (0x0000000753178960) thrown at [C:\re\workspace\8-2-build-windows-amd64-cygwin\jdk8u51\3951\hotspot\src\share\vm\prims\jvm.cpp, line 3211]
Event: 2044.919 Thread 0x000000002d61d000 Exception <a 'java/lang/InterruptedException': sleep interrupted> (0x0000000753178b60) thrown at [C:\re\workspace\8-2-build-windows-amd64-cygwin\jdk8u51\3951\hotspot\src\share\vm\prims\jvm.cpp, line 3211]
Event: 2044.930 Thread 0x000000002d61d000 Exception <a 'java/lang/InterruptedException': sleep interrupted> (0x0000000753178d60) thrown at [C:\re\workspace\8-2-build-windows-amd64-cygwin\jdk8u51\3951\hotspot\src\share\vm\prims\jvm.cpp, line 3211]
Event: 2044.930 Thread 0x000000002d61d000 Exception <a 'java/lang/InterruptedException': sleep interrupted> (0x0000000753178f60) thrown at [C:\re\workspace\8-2-build-windows-amd64-cygwin\jdk8u51\3951\hotspot\src\share\vm\prims\jvm.cpp, line 3211]
Event: 2044.940 Thread 0x000000002d61d000 Exception <a 'java/lang/InterruptedException': sleep interrupted> (0x0000000753179160) thrown at [C:\re\workspace\8-2-build-windows-amd64-cygwin\jdk8u51\3951\hotspot\src\share\vm\prims\jvm.cpp, line 3211]

Events (10 events):
Event: 2044.926 Thread 0x0000000002365000 Uncommon trap: trap_request=0xffffffc6 fr.pc=0x000000000a5d1034
Event: 2044.926 Thread 0x0000000002365000 DEOPT PACKING pc=0x000000000a5d1034 sp=0x000000000225e250
Event: 2044.926 Thread 0x0000000002365000 DEOPT UNPACKING pc=0x00000000024a582a sp=0x000000000225e200 mode 2
Event: 2044.926 Thread 0x0000000002365000 Uncommon trap: trap_request=0xffffffc6 fr.pc=0x000000000be4df60
Event: 2044.926 Thread 0x0000000002365000 DEOPT PACKING pc=0x000000000be4df60 sp=0x000000000225e1e0
Event: 2044.926 Thread 0x0000000002365000 DEOPT UNPACKING pc=0x00000000024a582a sp=0x000000000225e098 mode 2
Event: 2044.937 Thread 0x0000000002365000 Uncommon trap: trap_request=0xffffffc6 fr.pc=0x000000000a5d1034
Event: 2044.937 Thread 0x0000000002365000 DEOPT PACKING pc=0x000000000a5d1034 sp=0x000000000225e250
Event: 2044.937 Thread 0x0000000002365000 DEOPT UNPACKING pc=0x00000000024a582a sp=0x000000000225e200 mode 2
Event: 2044.946 Thread 0x0000000024ea2800 flushing nmethod 0x0000000002a4d2d0


Dynamic libraries:
0x00007ff7b9460000 - 0x00007ff7b9497000 	D:\Minecraft\Install\runtime\jre-x64\bin\javaw.exe
0x00007ff928200000 - 0x00007ff9283f0000 	C:\WINDOWS\SYSTEM32\ntdll.dll
0x00007ff927aa0000 - 0x00007ff927b52000 	C:\WINDOWS\System32\KERNEL32.DLL
0x00007ff925be0000 - 0x00007ff925e83000 	C:\WINDOWS\System32\KERNELBASE.dll
0x00007ff927670000 - 0x00007ff927713000 	C:\WINDOWS\System32\ADVAPI32.dll
0x00007ff927f40000 - 0x00007ff927fde000 	C:\WINDOWS\System32\msvcrt.dll
0x00007ff927d40000 - 0x00007ff927dd7000 	C:\WINDOWS\System32\sechost.dll
0x00007ff926be0000 - 0x00007ff926d00000 	C:\WINDOWS\System32\RPCRT4.dll
0x00007ff9278a0000 - 0x00007ff927a34000 	C:\WINDOWS\System32\USER32.dll
0x00007ff9260d0000 - 0x00007ff9260f1000 	C:\WINDOWS\System32\win32u.dll
0x00007ff927640000 - 0x00007ff927666000 	C:\WINDOWS\System32\GDI32.dll
0x00007ff925f10000 - 0x00007ff9260a4000 	C:\WINDOWS\System32\gdi32full.dll
0x00007ff926100000 - 0x00007ff92619e000 	C:\WINDOWS\System32\msvcp_win.dll
0x00007ff925210000 - 0x00007ff92530a000 	C:\WINDOWS\System32\ucrtbase.dll
0x00007ff9169e0000 - 0x00007ff916c65000 	C:\WINDOWS\WinSxS\amd64_microsoft.windows.common-controls_6595b64144ccf1df_6.0.18362.657_none_e6c5b579130e3898\COMCTL32.dll
0x00007ff926d00000 - 0x00007ff927036000 	C:\WINDOWS\System32\combase.dll
0x00007ff926200000 - 0x00007ff926280000 	C:\WINDOWS\System32\bcryptPrimitives.dll
0x00007ff927720000 - 0x00007ff92774e000 	C:\WINDOWS\System32\IMM32.DLL
0x0000000058560000 - 0x0000000058632000 	D:\Minecraft\Install\runtime\jre-x64\bin\msvcr100.dll
0x00000000576b0000 - 0x0000000057f33000 	D:\Minecraft\Install\runtime\jre-x64\bin\server\jvm.dll
0x00007ff927040000 - 0x00007ff927048000 	C:\WINDOWS\System32\PSAPI.DLL
0x00007ff910ab0000 - 0x00007ff910ab9000 	C:\WINDOWS\SYSTEM32\WSOCK32.dll
0x00007ff923180000 - 0x00007ff9231a4000 	C:\WINDOWS\SYSTEM32\WINMM.dll
0x00007ff91feb0000 - 0x00007ff91feba000 	C:\WINDOWS\SYSTEM32\VERSION.dll
0x00007ff927fe0000 - 0x00007ff92804f000 	C:\WINDOWS\System32\WS2_32.dll
0x00007ff923120000 - 0x00007ff92314d000 	C:\WINDOWS\SYSTEM32\WINMMBASE.dll
0x00007ff925ec0000 - 0x00007ff925f0a000 	C:\WINDOWS\System32\cfgmgr32.dll
0x0000000058140000 - 0x000000005814f000 	D:\Minecraft\Install\runtime\jre-x64\bin\verify.dll
0x0000000058110000 - 0x0000000058139000 	D:\Minecraft\Install\runtime\jre-x64\bin\java.dll
0x00000000580f0000 - 0x0000000058106000 	D:\Minecraft\Install\runtime\jre-x64\bin\zip.dll
0x00007ff9262e0000 - 0x00007ff9269c5000 	C:\WINDOWS\System32\SHELL32.dll
0x00007ff927050000 - 0x00007ff9270f9000 	C:\WINDOWS\System32\shcore.dll
0x00007ff925310000 - 0x00007ff925a8f000 	C:\WINDOWS\System32\windows.storage.dll
0x00007ff9250b0000 - 0x00007ff9250cf000 	C:\WINDOWS\System32\profapi.dll
0x00007ff9250d0000 - 0x00007ff92511a000 	C:\WINDOWS\System32\powrprof.dll
0x00007ff9250a0000 - 0x00007ff9250b0000 	C:\WINDOWS\System32\UMPDC.dll
0x00007ff926280000 - 0x00007ff9262d2000 	C:\WINDOWS\System32\shlwapi.dll
0x00007ff925140000 - 0x00007ff925151000 	C:\WINDOWS\System32\kernel.appcore.dll
0x00007ff9260b0000 - 0x00007ff9260c7000 	C:\WINDOWS\System32\cryptsp.dll
0x00000000580e0000 - 0x00000000580ed000 	D:\Minecraft\Install\runtime\jre-x64\bin\management.dll
0x0000000057690000 - 0x00000000576aa000 	D:\Minecraft\Install\runtime\jre-x64\bin\net.dll
0x00007ff9248b0000 - 0x00007ff924917000 	C:\WINDOWS\system32\mswsock.dll
0x00007ff91e680000 - 0x00007ff91e696000 	C:\WINDOWS\system32\napinsp.dll
0x00007ff91ae50000 - 0x00007ff91ae6a000 	C:\WINDOWS\system32\pnrpnsp.dll
0x00007ff924600000 - 0x00007ff9246ca000 	C:\WINDOWS\SYSTEM32\DNSAPI.dll
0x00007ff927810000 - 0x00007ff927818000 	C:\WINDOWS\System32\NSI.dll
0x00007ff9245c0000 - 0x00007ff9245fa000 	C:\WINDOWS\SYSTEM32\IPHLPAPI.DLL
0x00007ff91fed0000 - 0x00007ff91fede000 	C:\WINDOWS\System32\winrnr.dll
0x00007ff921900000 - 0x00007ff92191c000 	C:\WINDOWS\system32\NLAapi.dll
0x00007ff920990000 - 0x00007ff9209a5000 	C:\WINDOWS\system32\wshbth.dll
0x00007ff91bb30000 - 0x00007ff91bb3a000 	C:\Windows\System32\rasadhlp.dll
0x00007ff91c5c0000 - 0x00007ff91c637000 	C:\WINDOWS\System32\fwpuclnt.dll
0x00007ff925e90000 - 0x00007ff925eb6000 	C:\WINDOWS\System32\bcrypt.dll
0x0000000057670000 - 0x0000000057681000 	D:\Minecraft\Install\runtime\jre-x64\bin\nio.dll
0x0000000057640000 - 0x0000000057664000 	D:\Minecraft\Install\runtime\jre-x64\bin\sunec.dll
0x00007ff924420000 - 0x00007ff924453000 	C:\WINDOWS\system32\rsaenh.dll
0x00007ff924f90000 - 0x00007ff924fb5000 	C:\WINDOWS\SYSTEM32\USERENV.dll
0x00007ff924a80000 - 0x00007ff924a8c000 	C:\WINDOWS\SYSTEM32\CRYPTBASE.dll
0x00007ff9204c0000 - 0x00007ff9204d6000 	C:\WINDOWS\SYSTEM32\dhcpcsvc6.DLL
0x00007ff9204a0000 - 0x00007ff9204bc000 	C:\WINDOWS\SYSTEM32\dhcpcsvc.DLL
0x0000000057620000 - 0x0000000057637000 	D:\Minecraft\Install\runtime\jre-x64\bin\unpack.dll
0x0000000180000000 - 0x0000000180053000 	D:\Minecraft\Install\bin\d170-4381-c9de-a067\lwjgl64.dll
0x00007ff9016b0000 - 0x00007ff901806000 	C:\WINDOWS\SYSTEM32\OPENGL32.dll
0x00007ff90cf50000 - 0x00007ff90cf7c000 	C:\WINDOWS\SYSTEM32\GLU32.dll
0x00007ff923d10000 - 0x00007ff923d30000 	C:\WINDOWS\SYSTEM32\dxcore.dll
0x0000000057480000 - 0x0000000057618000 	D:\Minecraft\Install\runtime\jre-x64\bin\awt.dll
0x00007ff927100000 - 0x00007ff9271c4000 	C:\WINDOWS\System32\OLEAUT32.dll
0x00007ff923320000 - 0x00007ff9233af000 	C:\WINDOWS\SYSTEM32\apphelp.dll
0x00007ff91ae70000 - 0x00007ff91af1e000 	C:\WINDOWS\SYSTEM32\mscms.dll
0x00007ff91abe0000 - 0x00007ff91abf7000 	C:\WINDOWS\SYSTEM32\ColorAdapterClient.dll
0x00007ff927750000 - 0x00007ff9277f2000 	C:\WINDOWS\System32\clbcatq.dll
0x00007ff91c140000 - 0x00007ff91c15a000 	C:\Windows\System32\Windows.Internal.Graphics.Display.DisplayColorManagement.dll
0x00007ff923420000 - 0x00007ff9234b9000 	C:\WINDOWS\system32\uxtheme.dll
0x00007ff928050000 - 0x00007ff928185000 	C:\WINDOWS\System32\MSCTF.dll
0x0000000055240000 - 0x000000005747d000 	C:\WINDOWS\System32\DriverStore\FileRepository\nvaci.inf_amd64_f658c3ebd2a88192\nvoglv64.dll
0x00007ff9271d0000 - 0x00007ff927640000 	C:\WINDOWS\System32\SETUPAPI.dll
0x00007ff927be0000 - 0x00007ff927d36000 	C:\WINDOWS\System32\ole32.dll
0x00007ff921bb0000 - 0x00007ff921bc3000 	C:\WINDOWS\SYSTEM32\WTSAPI32.dll
0x00007ff924d00000 - 0x00007ff924d2a000 	C:\WINDOWS\SYSTEM32\DEVOBJ.dll
0x00007ff9261a0000 - 0x00007ff9261fc000 	C:\WINDOWS\System32\WINTRUST.dll
0x00007ff925120000 - 0x00007ff925132000 	C:\WINDOWS\System32\MSASN1.dll
0x00007ff925a90000 - 0x00007ff925bd9000 	C:\WINDOWS\System32\CRYPT32.dll
0x00007ff924100000 - 0x00007ff924131000 	C:\WINDOWS\SYSTEM32\ntmarta.dll
0x00007ff8eb210000 - 0x00007ff8eb43d000 	C:\Program Files\Acer\Acer Power Management\SysHook.dll
0x00007ff927e70000 - 0x00007ff927f40000 	C:\WINDOWS\System32\COMDLG32.dll
0x00007ff91fc10000 - 0x00007ff91fc17000 	C:\WINDOWS\SYSTEM32\MSIMG32.dll
0x00007ff91bc90000 - 0x00007ff91be33000 	C:\WINDOWS\WinSxS\amd64_microsoft.windows.gdiplus_6595b64144ccf1df_1.1.18362.657_none_17b0a85e6da0b266\gdiplus.dll
0x00007ff91bb50000 - 0x00007ff91bbd9000 	C:\WINDOWS\SYSTEM32\WINSPOOL.DRV
0x00007ff91ba80000 - 0x00007ff91bae5000 	C:\WINDOWS\SYSTEM32\OLEACC.dll
0x00007ff921a60000 - 0x00007ff921b4f000 	C:\WINDOWS\SYSTEM32\PROPSYS.dll
0x00007ff923840000 - 0x00007ff92386d000 	C:\WINDOWS\SYSTEM32\dwmapi.dll
0x0000000032840000 - 0x00000000329e7000 	C:\WINDOWS\system32\nvspcap64.dll
0x00007ff91b7d0000 - 0x00007ff91b8c0000 	C:\WINDOWS\SYSTEM32\WINHTTP.dll
0x00007ff905270000 - 0x00007ff905709000 	C:\WINDOWS\system32\nvapi64.dll
0x00007ff923da0000 - 0x00007ff923e8b000 	C:\WINDOWS\SYSTEM32\dxgi.dll
0x00007ff924fc0000 - 0x00007ff924fef000 	C:\WINDOWS\SYSTEM32\SspiCli.dll
0x00007ff9171a0000 - 0x00007ff9171e3000 	C:\WINDOWS\SYSTEM32\icm32.dll
0x00007ff924b10000 - 0x00007ff924b6c000 	C:\WINDOWS\SYSTEM32\WINSTA.dll
0x00007ff9225f0000 - 0x00007ff92284b000 	C:\WINDOWS\system32\d3d11.dll
0x00007ff9010d0000 - 0x00007ff9011bb000 	C:\WINDOWS\System32\DriverStore\FileRepository\nvaci.inf_amd64_f658c3ebd2a88192\nvldumdx.dll
0x00007ff927de0000 - 0x00007ff927dfd000 	C:\WINDOWS\System32\imagehlp.dll
0x00007ff8cfa90000 - 0x00007ff8d1698000 	C:\WINDOWS\System32\DriverStore\FileRepository\nvaci.inf_amd64_f658c3ebd2a88192\nvwgf2umx.dll
0x00007ff922850000 - 0x00007ff922a2b000 	C:\WINDOWS\SYSTEM32\dcomp.dll
0x00007ff917150000 - 0x00007ff917192000 	C:\Users\xxxfi\AppData\Local\Temp\jna-114516027\jna140528834436903553.dll
0x00007ff91f3e0000 - 0x00007ff91f47e000 	C:\WINDOWS\System32\TextInputFramework.dll
0x00007ff91f6d0000 - 0x00007ff91f9fa000 	C:\WINDOWS\System32\CoreUIComponents.dll
0x00007ff922ac0000 - 0x00007ff922b94000 	C:\WINDOWS\System32\CoreMessaging.dll
0x00007ff920ba0000 - 0x00007ff920cf3000 	C:\WINDOWS\SYSTEM32\wintypes.dll
0x00007ff918040000 - 0x00007ff9182e6000 	C:\WINDOWS\System32\iertutil.dll
0x0000000033100000 - 0x0000000033164000 	D:\Minecraft\Install\bin\d170-4381-c9de-a067\OpenAL64.dll
0x00007ff91d170000 - 0x00007ff91d1e2000 	C:\WINDOWS\System32\MMDevApi.dll
0x00007ff8f7ff0000 - 0x00007ff8f8089000 	C:\WINDOWS\SYSTEM32\dsound.dll
0x00007ff91d270000 - 0x00007ff91d3cd000 	C:\WINDOWS\SYSTEM32\AUDIOSES.DLL
0x00000000378b0000 - 0x00000000378f7000 	D:\Minecraft\Install\runtime\jre-x64\bin\fontmanager.dll
0x0000000037900000 - 0x0000000037942000 	D:\Minecraft\Install\runtime\jre-x64\bin\t2k.dll
0x00007ff923260000 - 0x00007ff92327a000 	D:\Minecraft\Install\bin\d170-4381-c9de-a067\SAPIWrapper_x64.dll
0x00007ff919630000 - 0x00007ff91abac000 	C:\WINDOWS\System32\DriverStore\FileRepository\igdlh64.inf_amd64_7ee21f0fcd504371\igd10iumd64.dll
0x00007ff924be0000 - 0x00007ff924c06000 	C:\WINDOWS\SYSTEM32\ncrypt.dll
0x00007ff924ba0000 - 0x00007ff924bdb000 	C:\WINDOWS\SYSTEM32\NTASN1.dll
0x00007ff9184d0000 - 0x00007ff91962d000 	C:\WINDOWS\System32\DriverStore\FileRepository\igdlh64.inf_amd64_7ee21f0fcd504371\igc64.dll
0x00007ff90da80000 - 0x00007ff90dc74000 	C:\WINDOWS\SYSTEM32\dbghelp.dll

VM Arguments:
jvm_args: -Dos.name=Windows 10 -Dos.version=10.0 -XX:HeapDumpPath=MojangTricksIntelDriversForPerformance_javaw.exe_minecraft.exe.heapdump -Djava.library.path=D:\Minecraft\Install\bin\d170-4381-c9de-a067 -Dminecraft.launcher.brand=minecraft-launcher -Dminecraft.launcher.version=2.1.11312 -Dminecraft.client.jar=D:\Minecraft\Install\versions\1.12.2\1.12.2.jar -Xmx8175m -Xms256m -XX:PermSize=256m -Dminecraft.applet.TargetDirectory=D:\Minecraft\Instances\Mob Invasion -Dfml.ignorePatchDiscrepancies=true -Dfml.ignoreInvalidMinecraftCertificates=true -Duser.language=en -Duser.country=US -Xmx7144m -Xms256m -XX:PermSize=256m -Dminecraft.applet.TargetDirectory=D:\Minecraft\Instances\Mob Invasion -Dfml.ignorePatchDiscrepancies=true -Dfml.ignoreInvalidMinecraftCertificates=true -Duser.language=en -Duser.country=US -Dlog4j.configurationFile=D:\Minecraft\Install\assets\log_configs\client-1.12.xml 
java_command: net.minecraft.launchwrapper.Launch --username D4rkstalker --version forge-14.23.5.2847 --gameDir D:\Minecraft\Instances\Mob Invasion --assetsDir D:\Minecraft\Install\assets --assetIndex 1.12 --uuid 435b05dae6964ae29e461b99b5e66b9b --accessToken eyJhbGciOiJIUzI1NiJ9.eyJzdWIiOiI1YzdiZTVlZGE2ZDdiZDcwMTI1MGQyOGZhNmFiZjY0OSIsInlnZ3QiOiI4OTk3NDE4MGEzZDU0M2E5YjVjYTQwZGUwZTMyYzFkNSIsInNwciI6IjQzNWIwNWRhZTY5NjRhZTI5ZTQ2MWI5OWI1ZTY2YjliIiwiaXNzIjoiWWdnZHJhc2lsLUF1dGgiLCJleHAiOjE1ODIzNDkyNTEsImlhdCI6MTU4MjE3NjQ1MX0.t4INBdcmGBsIjN43iyX8-qonkudOzGf355ZfUECdnRE --userType mojang --tweakClass net.minecraftforge.fml.common.launcher.FMLTweaker --versionType Forge --width 1024 --height 768
java_class_path (initial): D:\Minecraft\Install\libraries\net\minecraftforge\forge\1.12.2-14.23.5.2847\forge-1.12.2-14.23.5.2847.jar;D:\Minecraft\Install\libraries\net\minecraft\launchwrapper\1.12\launchwrapper-1.12.jar;D:\Minecraft\Install\libraries\org\ow2\asm\asm-all\5.2\asm-all-5.2.jar;D:\Minecraft\Install\libraries\org\jline\jline\3.5.1\jline-3.5.1.jar;D:\Minecraft\Install\libraries\net\java\dev\jna\jna\4.4.0\jna-4.4.0.jar;D:\Minecraft\Install\libraries\com\typesafe\akka\akka-actor_2.11\2.3.3\akka-actor_2.11-2.3.3.jar;D:\Minecraft\Install\libraries\com\typesafe\config\1.2.1\config-1.2.1.jar;D:\Minecraft\Install\libraries\org\scala-lang\scala-actors-migration_2.11\1.1.0\scala-actors-migration_2.11-1.1.0.jar;D:\Minecraft\Install\libraries\org\scala-lang\scala-compiler\2.11.1\scala-compiler-2.11.1.jar;D:\Minecraft\Install\libraries\org\scala-lang\plugins\scala-continuations-library_2.11\1.0.2\scala-continuations-library_2.11-1.0.2.jar;D:\Minecraft\Install\libraries\org\scala-lang\plugins\scala-continuations-plugin_2.11.1\1.0.2\scala-continuations-plugin_2.11.1-1.0.2.jar;D:\Minecraft\Install\libraries\org\scala-lang\scala-library\2.11.1\scala-library-2.11.1.jar;D:\Minecraft\Install\libraries\org\scala-lang\scala-parser-combinators_2.11\1.0.1\scala-parser-combinators_2.11-1.0.1.jar;D:\Minecraft\Install\libraries\org\scala-lang\scala-reflect\2.11.1\scala-reflect-2.11.1.jar;D:\Minecraft\Install\libraries\org\scala-lang\scala-swing_2.11\1.0.1\scala-swing_2.11-1.0.1.jar;D:\Minecraft\Install\libraries\org\scala-lang\scala-xml_2.11\1.0.2\scala-xml_2.11-1.0.2.jar;D:\Minecraft\Install\libraries\lzma\lzma\0.0.1\lzma-0.0.1.jar;D:\Minecraft\Install\libraries\net\sf\jopt-simple\jopt-simple\5.0.3\jopt-simple-5.0.3.jar;D:\Minecraft\Install\libraries\java3d\vecmath\1.5.2\vecmath-1.5.2.jar;D:\Minecraft\Install\libraries\net\sf\trove4j\trove4j\3.0.3\trove4j-3.0.3.jar;D:\Minecraft\Install\libraries\org\apache\maven\maven-artifact\3.5.3\maven-artifact-3.5.3.jar;D:\Minecraft\Install\
Launcher Type: SUN_STANDARD

Environment Variables:
JAVA_HOME=C:\Program Files\Java\jre1.8.0_231\
CLASSPATH=C:\Program Files\Java\jdk1.8.0_231\lib\sa-jdi.jar
PATH=C:\Program Files\AdoptOpenJDK\jdk-8.0.202.08\bin;C:\Program Files (x86)\Common Files\Oracle\Java\javapath;C:\ProgramData\Oracle\Java\javapath;C:\Program Files (x86)\Intel\iCLS Client\;C:\Program Files\Intel\iCLS Client\;C:\Windows\system32;C:\Windows;C:\Windows\System32\Wbem;C:\Windows\System32\WindowsPowerShell\v1.0\;C:\Program Files (x86)\Intel\Intel(R) Management Engine Components\DAL;C:\Program Files\Intel\Intel(R) Management Engine Components\DAL;C:\Program Files (x86)\Intel\Intel(R) Management Engine Components\IPT;C:\Program Files\Intel\Intel(R) Management Engine Components\IPT;C:\Program Files (x86)\NVIDIA Corporation\PhysX\Common;C:\WINDOWS\system32;C:\WINDOWS;C:\WINDOWS\System32\Wbem;C:\WINDOWS\System32\WindowsPowerShell\v1.0\;C:\WINDOWS\System32\OpenSSH\;C:\Program Files\dotnet\;C:\Program Files (x86)\ZeroTier\One\;D:\Program Files\nodejs\;C:\Program Files\Microsoft SQL Server\130\Tools\Binn\;C:\Program Files\Microsoft SQL Server\Client SDK\ODBC\170\Tools\Binn\;D:\Program Files\Git\cmd;D:\Program Files\PuTTY\;C:\Users\xxxfi\AppData\Local\Microsoft\WindowsApps;D:\Users\xxxfi\AppData\Local\Programs\Python\Python36;C:\Users\xxxfi\AppData\Local\GitHubDesktop\bin;C:\Users\xxxfi\AppData\Roaming\npm;D:\Users\xxxfi\AppData\Local\Programs\Microsoft VS Code\bin;C:\Users\xxxfi\AppData\Local\Microsoft\WindowsApps;D:\Program Files\OpenVPN\bin;C:\Program Files (x86)\Microsoft Visual Studio\2019\Community\MSBuild\Current\Bin;D:\Program Files\7-Zip;D:\Users\xxxfi\AppData\Local\Programs\Python\Python36\Scripts;C:\Program Files\Java\jdk1.8.0_231\bin;C:\Program Files\Java\jre1.8.0_231\bin;D:\Program Files\Splunk\bin;
USERNAME=xxxfi
OS=Windows_NT
PROCESSOR_IDENTIFIER=Intel64 Family 6 Model 94 Stepping 3, GenuineIntel



---------------  S Y S T E M  ---------------

OS: Windows 10.0 , 64 bit Build 18362 (10.0.18362.329)

CPU:total 8 (4 cores per cpu, 2 threads per core) family 6 model 94 stepping 3, cmov, cx8, fxsr, mmx, sse, sse2, sse3, ssse3, sse4.1, sse4.2, popcnt, avx, avx2, aes, clmul, erms, rtm, 3dnowpref, lzcnt, ht, tsc, tscinvbit, bmi1, bmi2, adx

Memory: 4k page, physical 16680736k(3431300k free), swap 20612896k(3988588k free)

vm_info: Java HotSpot(TM) 64-Bit Server VM (25.51-b03) for windows-amd64 JRE (1.8.0_51-b16), built on Jun  8 2015 18:03:07 by "java_re" with MS VC++ 10.0 (VS2010)

time: Thu Feb 20 14:02:29 2020
elapsed time: 2045 seconds (0d 0h 34m 5s)

