7.1.2 16-02-2019 23:03:31 Starting new session. Mods: examplemod 
7.1.2 16-02-2019 23:05:51 MAJOR: null: Loading language: en_us
7.1.2 16-02-2019 23:05:53 MAJOR: null: LanguageData loaded: en_us. Wand invitem name: Wand of Summoning
7.1.2 16-02-2019 23:11:24 Starting new session. Mods: examplemod 
7.1.2 16-02-2019 23:13:22 MAJOR: null: Loading language: en_us
7.1.2 16-02-2019 23:13:23 MAJOR: null: LanguageData loaded: en_us. Wand invitem name: Wand of Summoning
7.1.2 16-02-2019 23:16:48 Starting new session. Mods: examplemod 
7.1.2 16-02-2019 23:18:46 MAJOR: null: Loading language: en_us
7.1.2 16-02-2019 23:18:47 MAJOR: null: LanguageData loaded: en_us. Wand invitem name: Wand of Summoning
7.1.2 16-02-2019 23:29:28 Starting new session. Mods: examplemod 
7.1.2 16-02-2019 23:31:26 MAJOR: null: Loading language: en_us
7.1.2 16-02-2019 23:31:28 MAJOR: null: LanguageData loaded: en_us. Wand invitem name: Wand of Summoning
7.1.2 17-02-2019 12:44:19 Starting new session. Mods: examplemod 
7.1.2 17-02-2019 12:47:15 MAJOR: null: Loading language: en_us
7.1.2 17-02-2019 12:47:28 MAJOR: null: LanguageData loaded: en_us. Wand invitem name: Wand of Summoning
7.1.2 17-02-2019 13:52:25 Starting new session. Mods: examplemod 
7.1.2 17-02-2019 13:54:50 MAJOR: null: Loading language: en_us
7.1.2 17-02-2019 13:54:57 MAJOR: null: LanguageData loaded: en_us. Wand invitem name: Wand of Summoning
7.1.2 17-02-2019 15:11:49 Starting new session. Mods: examplemod 
7.1.2 17-02-2019 15:14:02 MAJOR: null: Loading language: en_us
7.1.2 17-02-2019 15:14:04 MAJOR: null: LanguageData loaded: en_us. Wand invitem name: Wand of Summoning
7.1.2 17-02-2019 19:30:16 Starting new session. Mods: examplemod 
7.1.2 17-02-2019 19:32:47 MAJOR: null: Loading language: en_us
7.1.2 17-02-2019 19:32:53 MAJOR: null: LanguageData loaded: en_us. Wand invitem name: Wand of Summoning
7.1.2 17-02-2019 20:41:44 Starting new session. Mods: examplemod 
7.1.2 17-02-2019 20:43:43 MAJOR: null: Loading language: en_us
7.1.2 17-02-2019 20:43:44 MAJOR: null: LanguageData loaded: en_us. Wand invitem name: Wand of Summoning
7.1.2 17-02-2019 22:02:08 Starting new session. Mods: examplemod 
7.1.2 17-02-2019 22:04:53 MAJOR: null: Loading language: en_us
7.1.2 17-02-2019 22:05:02 MAJOR: null: LanguageData loaded: en_us. Wand invitem name: Wand of Summoning
7.1.2 18-02-2019 13:35:52 Starting new session. Mods: examplemod 
7.1.2 18-02-2019 13:38:27 MAJOR: null: Loading language: en_us
7.1.2 18-02-2019 13:38:34 MAJOR: null: LanguageData loaded: en_us. Wand invitem name: Wand of Summoning
7.1.2 18-02-2019 15:59:41 Starting new session. Mods: examplemod 
7.1.2 18-02-2019 16:01:49 MAJOR: null: Loading language: en_us
7.1.2 18-02-2019 16:01:51 MAJOR: null: LanguageData loaded: en_us. Wand invitem name: Wand of Summoning
7.1.2 18-02-2019 16:43:08 Starting new session. Mods: examplemod 
7.1.2 18-02-2019 16:45:13 MAJOR: null: Loading language: en_us
7.1.2 18-02-2019 16:45:15 MAJOR: null: LanguageData loaded: en_us. Wand invitem name: Wand of Summoning
7.1.2 18-02-2019 16:57:42 Starting new session. Mods: examplemod 
7.1.2 18-02-2019 16:59:52 MAJOR: null: Loading language: en_us
7.1.2 18-02-2019 16:59:53 MAJOR: null: LanguageData loaded: en_us. Wand invitem name: Wand of Summoning
7.1.2 18-02-2019 18:36:59 Starting new session. Mods: examplemod 
7.1.2 18-02-2019 18:39:24 MAJOR: null: Loading language: en_us
7.1.2 18-02-2019 18:39:32 MAJOR: null: LanguageData loaded: en_us. Wand invitem name: Wand of Summoning
7.1.2 18-02-2019 18:55:01 Starting new session. Mods: examplemod 
7.1.2 18-02-2019 18:57:03 MAJOR: null: Loading language: en_us
7.1.2 18-02-2019 18:57:05 MAJOR: null: LanguageData loaded: en_us. Wand invitem name: Wand of Summoning
7.1.2 18-02-2019 19:04:51 Starting new session. Mods: examplemod 
7.1.2 18-02-2019 19:06:58 MAJOR: null: Loading language: en_us
7.1.2 18-02-2019 19:06:59 MAJOR: null: LanguageData loaded: en_us. Wand invitem name: Wand of Summoning
7.1.2 18-02-2019 20:04:10 Starting new session. Mods: examplemod 
7.1.2 18-02-2019 20:06:44 MAJOR: null: Loading language: en_us
7.1.2 18-02-2019 20:06:52 MAJOR: null: LanguageData loaded: en_us. Wand invitem name: Wand of Summoning
7.1.2 18-02-2019 20:14:18 Starting new session. Mods: examplemod 
7.1.2 18-02-2019 20:16:17 MAJOR: null: Loading language: en_us
7.1.2 18-02-2019 20:16:18 MAJOR: null: LanguageData loaded: en_us. Wand invitem name: Wand of Summoning
7.1.2 18-02-2019 21:05:56 Starting new session. Mods: examplemod 
7.1.2 18-02-2019 21:07:55 MAJOR: null: Loading language: en_us
7.1.2 18-02-2019 21:07:56 MAJOR: null: LanguageData loaded: en_us. Wand invitem name: Wand of Summoning
7.1.2 18-02-2019 21:15:09 Starting new session. Mods: examplemod 
7.1.2 18-02-2019 21:17:12 MAJOR: null: Loading language: en_us
7.1.2 18-02-2019 21:17:13 MAJOR: null: LanguageData loaded: en_us. Wand invitem name: Wand of Summoning
7.1.2 18-02-2019 23:28:55 Starting new session. Mods: examplemod 
7.1.2 18-02-2019 23:31:23 MAJOR: null: Loading language: en_us
7.1.2 18-02-2019 23:31:30 MAJOR: null: LanguageData loaded: en_us. Wand invitem name: Wand of Summoning
7.1.2 19-02-2019 11:40:27 Starting new session. Mods: examplemod 
7.1.2 19-02-2019 11:43:01 MAJOR: null: Loading language: en_us
7.1.2 19-02-2019 11:43:09 MAJOR: null: LanguageData loaded: en_us. Wand invitem name: Wand of Summoning
7.1.2 19-02-2019 12:07:44 Starting new session. Mods: examplemod 
7.1.2 19-02-2019 12:09:59 MAJOR: null: Loading language: en_us
7.1.2 19-02-2019 12:10:01 MAJOR: null: LanguageData loaded: en_us. Wand invitem name: Wand of Summoning
7.1.2 19-02-2019 13:17:33 Starting new session. Mods: examplemod 
7.1.2 19-02-2019 13:55:32 Starting new session. Mods: examplemod 
7.1.2 19-02-2019 13:57:41 MAJOR: null: Loading language: en_us
7.1.2 19-02-2019 13:57:43 MAJOR: null: LanguageData loaded: en_us. Wand invitem name: Wand of Summoning
7.1.2 19-02-2019 16:12:02 Starting new session. Mods: examplemod 
7.1.2 19-02-2019 16:14:31 MAJOR: null: Loading language: en_us
7.1.2 19-02-2019 16:14:39 MAJOR: null: LanguageData loaded: en_us. Wand invitem name: Wand of Summoning
7.1.2 19-02-2019 17:27:42 Exception while calculating a path:
7.1.2 19-02-2019 17:27:42 java.lang.IllegalArgumentException: Cannot get property PropertyInteger{name=layers, clazz=class java.lang.Integer, values=[1, 2, 3, 4, 5, 6, 7, 8]} as it does not exist in BlockStateContainer{block=minecraft:air, properties=[]}
	at net.minecraft.block.state.BlockStateContainer$StateImplementation.func_177229_b(BlockStateContainer.java:209)
	at net.minecraft.block.BlockSnow.func_176205_b(BlockSnow.java:48)
	at org.millenaire.common.utilities.ThreadSafeUtilities.isBlockPassable(ThreadSafeUtilities.java:53)
	at org.millenaire.common.pathing.atomicstryker.AStarStatic.isPassableBlock(AStarStatic.java:203)
	at org.millenaire.common.pathing.atomicstryker.AStarStatic.isViable(AStarStatic.java:247)
	at org.millenaire.common.pathing.atomicstryker.AStarWorkerJPS.getGroundNodeHeight(AStarWorkerJPS.java:280)
	at org.millenaire.common.pathing.atomicstryker.AStarWorkerJPS.jump(AStarWorkerJPS.java:429)
	at org.millenaire.common.pathing.atomicstryker.AStarWorkerJPS.jump(AStarWorkerJPS.java:448)
	at org.millenaire.common.pathing.atomicstryker.AStarWorkerJPS.jump(AStarWorkerJPS.java:448)
	at org.millenaire.common.pathing.atomicstryker.AStarWorkerJPS.jump(AStarWorkerJPS.java:439)
	at org.millenaire.common.pathing.atomicstryker.AStarWorkerJPS.identifySuccessors(AStarWorkerJPS.java:358)
	at org.millenaire.common.pathing.atomicstryker.AStarWorkerJPS.getPath(AStarWorkerJPS.java:317)
	at org.millenaire.common.pathing.atomicstryker.AStarWorker.run(AStarWorker.java:256)
	at java.util.concurrent.Executors$RunnableAdapter.call(Executors.java:511)
	at java.util.concurrent.FutureTask.run(FutureTask.java:266)
	at java.util.concurrent.ThreadPoolExecutor.runWorker(ThreadPoolExecutor.java:1142)
	at java.util.concurrent.ThreadPoolExecutor$Worker.run(ThreadPoolExecutor.java:617)
	at java.lang.Thread.run(Thread.java:745)

7.1.2 19-02-2019 17:28:25 Exception when finding JPS path:
7.1.2 19-02-2019 17:28:25 java.lang.ArrayStoreException: net.minecraft.pathfinding.PathPoint
	at net.minecraft.pathfinding.Path.func_186309_a(SourceFile:43)
	at net.minecraft.pathfinding.PathNavigate.func_75487_m(SourceFile:324)
	at net.minecraft.pathfinding.PathNavigateGround.func_75487_m(SourceFile:96)
	at net.minecraft.pathfinding.PathNavigate.func_75484_a(SourceFile:159)
	at org.millenaire.common.entity.MillVillager.registerNewPath(MillVillager.java:3007)
	at org.millenaire.common.entity.MillVillager.applyPathCalculatedSinceLastTick(MillVillager.java:427)
	at org.millenaire.common.entity.MillVillager.func_70071_h_(MillVillager.java:2300)
	at net.minecraft.world.World.func_72866_a(World.java:1993)
	at net.minecraft.world.WorldServer.func_72866_a(WorldServer.java:832)
	at net.minecraft.world.World.func_72870_g(World.java:1955)
	at net.minecraft.world.World.redirect$updateEntity$zbl000(World.java:5617)
	at net.minecraft.world.World.func_72939_s(World.java:1759)
	at net.minecraft.world.WorldServer.func_72939_s(WorldServer.java:613)
	at net.minecraft.server.MinecraftServer.func_71190_q(MinecraftServer.java:767)
	at net.minecraft.server.MinecraftServer.func_71217_p(MinecraftServer.java:668)
	at net.minecraft.server.integrated.IntegratedServer.func_71217_p(IntegratedServer.java:252)
	at net.minecraft.server.MinecraftServer.run(MinecraftServer.java:526)
	at java.lang.Thread.run(Thread.java:745)

7.1.2 19-02-2019 17:28:25 Exception when finding JPS path:
7.1.2 19-02-2019 17:28:25 java.lang.ArrayStoreException: net.minecraft.pathfinding.PathPoint
	at net.minecraft.pathfinding.Path.func_186309_a(SourceFile:43)
	at net.minecraft.pathfinding.PathNavigate.func_75487_m(SourceFile:324)
	at net.minecraft.pathfinding.PathNavigateGround.func_75487_m(SourceFile:96)
	at net.minecraft.pathfinding.PathNavigate.func_75484_a(SourceFile:159)
	at org.millenaire.common.entity.MillVillager.registerNewPath(MillVillager.java:3007)
	at org.millenaire.common.entity.MillVillager.applyPathCalculatedSinceLastTick(MillVillager.java:427)
	at org.millenaire.common.entity.MillVillager.func_70071_h_(MillVillager.java:2300)
	at net.minecraft.world.World.func_72866_a(World.java:1993)
	at net.minecraft.world.WorldServer.func_72866_a(WorldServer.java:832)
	at net.minecraft.world.World.func_72870_g(World.java:1955)
	at net.minecraft.world.World.redirect$updateEntity$zbl000(World.java:5617)
	at net.minecraft.world.World.func_72939_s(World.java:1759)
	at net.minecraft.world.WorldServer.func_72939_s(WorldServer.java:613)
	at net.minecraft.server.MinecraftServer.func_71190_q(MinecraftServer.java:767)
	at net.minecraft.server.MinecraftServer.func_71217_p(MinecraftServer.java:668)
	at net.minecraft.server.integrated.IntegratedServer.func_71217_p(IntegratedServer.java:252)
	at net.minecraft.server.MinecraftServer.run(MinecraftServer.java:526)
	at java.lang.Thread.run(Thread.java:745)

7.1.2 19-02-2019 17:28:25 Exception when finding JPS path:
7.1.2 19-02-2019 17:28:25 java.lang.ArrayStoreException: net.minecraft.pathfinding.PathPoint
	at net.minecraft.pathfinding.Path.func_186309_a(SourceFile:43)
	at net.minecraft.pathfinding.PathNavigate.func_75487_m(SourceFile:324)
	at net.minecraft.pathfinding.PathNavigateGround.func_75487_m(SourceFile:96)
	at net.minecraft.pathfinding.PathNavigate.func_75484_a(SourceFile:159)
	at org.millenaire.common.entity.MillVillager.registerNewPath(MillVillager.java:3007)
	at org.millenaire.common.entity.MillVillager.applyPathCalculatedSinceLastTick(MillVillager.java:427)
	at org.millenaire.common.entity.MillVillager.func_70071_h_(MillVillager.java:2300)
	at net.minecraft.world.World.func_72866_a(World.java:1993)
	at net.minecraft.world.WorldServer.func_72866_a(WorldServer.java:832)
	at net.minecraft.world.World.func_72870_g(World.java:1955)
	at net.minecraft.world.World.redirect$updateEntity$zbl000(World.java:5617)
	at net.minecraft.world.World.func_72939_s(World.java:1759)
	at net.minecraft.world.WorldServer.func_72939_s(WorldServer.java:613)
	at net.minecraft.server.MinecraftServer.func_71190_q(MinecraftServer.java:767)
	at net.minecraft.server.MinecraftServer.func_71217_p(MinecraftServer.java:668)
	at net.minecraft.server.integrated.IntegratedServer.func_71217_p(IntegratedServer.java:252)
	at net.minecraft.server.MinecraftServer.run(MinecraftServer.java:526)
	at java.lang.Thread.run(Thread.java:745)

7.1.2 19-02-2019 17:28:25 Exception when finding JPS path:
7.1.2 19-02-2019 17:28:25 java.lang.ArrayStoreException: net.minecraft.pathfinding.PathPoint
	at net.minecraft.pathfinding.Path.func_186309_a(SourceFile:43)
	at net.minecraft.pathfinding.PathNavigate.func_75487_m(SourceFile:324)
	at net.minecraft.pathfinding.PathNavigateGround.func_75487_m(SourceFile:96)
	at net.minecraft.pathfinding.PathNavigate.func_75484_a(SourceFile:159)
	at org.millenaire.common.entity.MillVillager.registerNewPath(MillVillager.java:3007)
	at org.millenaire.common.entity.MillVillager.applyPathCalculatedSinceLastTick(MillVillager.java:427)
	at org.millenaire.common.entity.MillVillager.func_70071_h_(MillVillager.java:2300)
	at net.minecraft.world.World.func_72866_a(World.java:1993)
	at net.minecraft.world.WorldServer.func_72866_a(WorldServer.java:832)
	at net.minecraft.world.World.func_72870_g(World.java:1955)
	at net.minecraft.world.World.redirect$updateEntity$zbl000(World.java:5617)
	at net.minecraft.world.World.func_72939_s(World.java:1759)
	at net.minecraft.world.WorldServer.func_72939_s(WorldServer.java:613)
	at net.minecraft.server.MinecraftServer.func_71190_q(MinecraftServer.java:767)
	at net.minecraft.server.MinecraftServer.func_71217_p(MinecraftServer.java:668)
	at net.minecraft.server.integrated.IntegratedServer.func_71217_p(IntegratedServer.java:252)
	at net.minecraft.server.MinecraftServer.run(MinecraftServer.java:526)
	at java.lang.Thread.run(Thread.java:745)

7.1.2 19-02-2019 17:28:25 Exception when finding JPS path:
7.1.2 19-02-2019 17:28:25 java.lang.ArrayStoreException: net.minecraft.pathfinding.PathPoint
	at net.minecraft.pathfinding.Path.func_186309_a(SourceFile:43)
	at net.minecraft.pathfinding.PathNavigate.func_75487_m(SourceFile:324)
	at net.minecraft.pathfinding.PathNavigateGround.func_75487_m(SourceFile:96)
	at net.minecraft.pathfinding.PathNavigate.func_75484_a(SourceFile:159)
	at org.millenaire.common.entity.MillVillager.registerNewPath(MillVillager.java:3007)
	at org.millenaire.common.entity.MillVillager.applyPathCalculatedSinceLastTick(MillVillager.java:427)
	at org.millenaire.common.entity.MillVillager.func_70071_h_(MillVillager.java:2300)
	at net.minecraft.world.World.func_72866_a(World.java:1993)
	at net.minecraft.world.WorldServer.func_72866_a(WorldServer.java:832)
	at net.minecraft.world.World.func_72870_g(World.java:1955)
	at net.minecraft.world.World.redirect$updateEntity$zbl000(World.java:5617)
	at net.minecraft.world.World.func_72939_s(World.java:1759)
	at net.minecraft.world.WorldServer.func_72939_s(WorldServer.java:613)
	at net.minecraft.server.MinecraftServer.func_71190_q(MinecraftServer.java:767)
	at net.minecraft.server.MinecraftServer.func_71217_p(MinecraftServer.java:668)
	at net.minecraft.server.integrated.IntegratedServer.func_71217_p(IntegratedServer.java:252)
	at net.minecraft.server.MinecraftServer.run(MinecraftServer.java:526)
	at java.lang.Thread.run(Thread.java:745)

7.1.2 19-02-2019 17:28:25 Repeat exception x6: Exception when finding JPS path: - net.minecraft.pathfinding.PathPoint @ net.minecraft.pathfinding.Path.func_186309_a(SourceFile:43)
7.1.2 19-02-2019 17:28:25 Repeat exception x7: Exception when finding JPS path: - net.minecraft.pathfinding.PathPoint @ net.minecraft.pathfinding.Path.func_186309_a(SourceFile:43)
7.1.2 19-02-2019 17:28:25 Repeat exception x8: Exception when finding JPS path: - net.minecraft.pathfinding.PathPoint @ net.minecraft.pathfinding.Path.func_186309_a(SourceFile:43)
7.1.2 19-02-2019 17:28:25 Repeat exception x9: Exception when finding JPS path: - net.minecraft.pathfinding.PathPoint @ net.minecraft.pathfinding.Path.func_186309_a(SourceFile:43)
7.1.2 19-02-2019 17:28:26 Repeat exception x10: Exception when finding JPS path: - net.minecraft.pathfinding.PathPoint @ net.minecraft.pathfinding.Path.func_186309_a(SourceFile:43)
7.1.2 19-02-2019 17:28:26 Repeat exception x11: Exception when finding JPS path: - net.minecraft.pathfinding.PathPoint @ net.minecraft.pathfinding.Path.func_186309_a(SourceFile:43)
7.1.2 19-02-2019 17:28:26 Repeat exception x12: Exception when finding JPS path: - net.minecraft.pathfinding.PathPoint @ net.minecraft.pathfinding.Path.func_186309_a(SourceFile:43)
7.1.2 19-02-2019 17:28:26 Repeat exception x13: Exception when finding JPS path: - net.minecraft.pathfinding.PathPoint @ net.minecraft.pathfinding.Path.func_186309_a(SourceFile:43)
7.1.2 19-02-2019 17:28:26 Repeat exception x14: Exception when finding JPS path: - net.minecraft.pathfinding.PathPoint @ net.minecraft.pathfinding.Path.func_186309_a(SourceFile:43)
7.1.2 19-02-2019 17:28:26 Repeat exception x15: Exception when finding JPS path: - net.minecraft.pathfinding.PathPoint @ net.minecraft.pathfinding.Path.func_186309_a(SourceFile:43)
7.1.2 19-02-2019 17:28:26 Repeat exception x16: Exception when finding JPS path: - net.minecraft.pathfinding.PathPoint @ net.minecraft.pathfinding.Path.func_186309_a(SourceFile:43)
7.1.2 19-02-2019 17:28:26 Repeat exception x17: Exception when finding JPS path: - net.minecraft.pathfinding.PathPoint @ net.minecraft.pathfinding.Path.func_186309_a(SourceFile:43)
7.1.2 19-02-2019 17:28:26 Repeat exception x18: Exception when finding JPS path: - net.minecraft.pathfinding.PathPoint @ net.minecraft.pathfinding.Path.func_186309_a(SourceFile:43)
7.1.2 19-02-2019 17:28:26 Repeat exception x19: Exception when finding JPS path: - net.minecraft.pathfinding.PathPoint @ net.minecraft.pathfinding.Path.func_186309_a(SourceFile:43)
7.1.2 19-02-2019 17:28:26 Repeat exception x20: Exception when finding JPS path: - net.minecraft.pathfinding.PathPoint @ net.minecraft.pathfinding.Path.func_186309_a(SourceFile:43). This error will no longer be logged in this session.
7.1.2 19-02-2019 17:29:10 Exception when finding JPS path:
7.1.2 19-02-2019 17:29:10 java.lang.ArrayStoreException

7.1.2 19-02-2019 17:29:10 Exception when finding JPS path:
7.1.2 19-02-2019 17:29:10 java.lang.ArrayStoreException

7.1.2 19-02-2019 17:29:10 Exception when finding JPS path:
7.1.2 19-02-2019 17:29:10 java.lang.ArrayStoreException

7.1.2 19-02-2019 17:29:11 Exception when finding JPS path:
7.1.2 19-02-2019 17:29:11 java.lang.ArrayStoreException

7.1.2 19-02-2019 17:29:11 Exception when finding JPS path:
7.1.2 19-02-2019 17:29:11 java.lang.ArrayStoreException

7.1.2 19-02-2019 17:29:11 Repeat exception x6: Exception when finding JPS path: @ 
7.1.2 19-02-2019 17:29:11 Repeat exception x7: Exception when finding JPS path: @ 
7.1.2 19-02-2019 17:29:11 Repeat exception x8: Exception when finding JPS path: @ 
7.1.2 19-02-2019 17:29:11 Repeat exception x9: Exception when finding JPS path: @ 
7.1.2 19-02-2019 17:29:11 Repeat exception x10: Exception when finding JPS path: @ 
7.1.2 19-02-2019 17:29:11 Repeat exception x11: Exception when finding JPS path: @ 
7.1.2 19-02-2019 17:29:11 Repeat exception x12: Exception when finding JPS path: @ 
7.1.2 19-02-2019 17:29:11 Repeat exception x13: Exception when finding JPS path: @ 
7.1.2 19-02-2019 17:29:11 Repeat exception x14: Exception when finding JPS path: @ 
7.1.2 19-02-2019 17:29:11 Repeat exception x15: Exception when finding JPS path: @ 
7.1.2 19-02-2019 17:29:11 Repeat exception x16: Exception when finding JPS path: @ 
7.1.2 19-02-2019 17:29:12 Repeat exception x17: Exception when finding JPS path: @ 
7.1.2 19-02-2019 17:29:12 Repeat exception x18: Exception when finding JPS path: @ 
7.1.2 19-02-2019 17:29:12 Repeat exception x19: Exception when finding JPS path: @ 
7.1.2 19-02-2019 17:29:12 Repeat exception x20: Exception when finding JPS path: @ . This error will no longer be logged in this session.
7.1.2 19-02-2019 21:33:26 Starting new session. Mods: examplemod 
7.1.2 19-02-2019 21:36:13 MAJOR: null: Loading language: en_us
7.1.2 19-02-2019 21:36:20 MAJOR: null: LanguageData loaded: en_us. Wand invitem name: Wand of Summoning
7.1.2 20-02-2019 18:32:33 Starting new session. Mods: examplemod 
7.1.2 20-02-2019 18:35:04 MAJOR: null: Loading language: en_us
7.1.2 20-02-2019 18:35:12 MAJOR: null: LanguageData loaded: en_us. Wand invitem name: Wand of Summoning
7.1.2 20-02-2019 20:06:22 Starting new session. Mods: examplemod 
7.1.2 20-02-2019 20:09:01 MAJOR: null: Loading language: en_us
7.1.2 20-02-2019 20:09:07 MAJOR: null: LanguageData loaded: en_us. Wand invitem name: Wand of Summoning
7.1.2 20-02-2019 20:20:39 Starting new session. Mods: examplemod 
7.1.2 20-02-2019 20:22:44 MAJOR: null: Loading language: en_us
7.1.2 20-02-2019 20:22:45 MAJOR: null: LanguageData loaded: en_us. Wand invitem name: Wand of Summoning
7.1.2 20-02-2019 20:54:59 Exception when finding JPS path:
7.1.2 20-02-2019 20:54:59 java.lang.ArrayStoreException: net.minecraft.pathfinding.PathPoint
	at net.minecraft.pathfinding.Path.func_186309_a(SourceFile:43)
	at net.minecraft.pathfinding.PathNavigate.func_75487_m(SourceFile:324)
	at net.minecraft.pathfinding.PathNavigateGround.func_75487_m(SourceFile:96)
	at net.minecraft.pathfinding.PathNavigate.func_75484_a(SourceFile:159)
	at org.millenaire.common.entity.MillVillager.registerNewPath(MillVillager.java:3007)
	at org.millenaire.common.entity.MillVillager.applyPathCalculatedSinceLastTick(MillVillager.java:427)
	at org.millenaire.common.entity.MillVillager.func_70071_h_(MillVillager.java:2300)
	at net.minecraft.world.World.func_72866_a(World.java:1993)
	at net.minecraft.world.WorldServer.func_72866_a(WorldServer.java:832)
	at net.minecraft.world.World.func_72870_g(World.java:1955)
	at net.minecraft.world.World.redirect$updateEntity$zbl000(World.java:5617)
	at net.minecraft.world.World.func_72939_s(World.java:1759)
	at net.minecraft.world.WorldServer.func_72939_s(WorldServer.java:613)
	at net.minecraft.server.MinecraftServer.func_71190_q(MinecraftServer.java:767)
	at net.minecraft.server.MinecraftServer.func_71217_p(MinecraftServer.java:668)
	at net.minecraft.server.integrated.IntegratedServer.func_71217_p(IntegratedServer.java:252)
	at net.minecraft.server.MinecraftServer.run(MinecraftServer.java:526)
	at java.lang.Thread.run(Thread.java:745)

7.1.2 20-02-2019 20:54:59 Exception when finding JPS path:
7.1.2 20-02-2019 20:54:59 java.lang.ArrayStoreException: net.minecraft.pathfinding.PathPoint
	at net.minecraft.pathfinding.Path.func_186309_a(SourceFile:43)
	at net.minecraft.pathfinding.PathNavigate.func_75487_m(SourceFile:324)
	at net.minecraft.pathfinding.PathNavigateGround.func_75487_m(SourceFile:96)
	at net.minecraft.pathfinding.PathNavigate.func_75484_a(SourceFile:159)
	at org.millenaire.common.entity.MillVillager.registerNewPath(MillVillager.java:3007)
	at org.millenaire.common.entity.MillVillager.applyPathCalculatedSinceLastTick(MillVillager.java:427)
	at org.millenaire.common.entity.MillVillager.func_70071_h_(MillVillager.java:2300)
	at net.minecraft.world.World.func_72866_a(World.java:1993)
	at net.minecraft.world.WorldServer.func_72866_a(WorldServer.java:832)
	at net.minecraft.world.World.func_72870_g(World.java:1955)
	at net.minecraft.world.World.redirect$updateEntity$zbl000(World.java:5617)
	at net.minecraft.world.World.func_72939_s(World.java:1759)
	at net.minecraft.world.WorldServer.func_72939_s(WorldServer.java:613)
	at net.minecraft.server.MinecraftServer.func_71190_q(MinecraftServer.java:767)
	at net.minecraft.server.MinecraftServer.func_71217_p(MinecraftServer.java:668)
	at net.minecraft.server.integrated.IntegratedServer.func_71217_p(IntegratedServer.java:252)
	at net.minecraft.server.MinecraftServer.run(MinecraftServer.java:526)
	at java.lang.Thread.run(Thread.java:745)

7.1.2 20-02-2019 20:55:00 Exception when finding JPS path:
7.1.2 20-02-2019 20:55:00 java.lang.ArrayStoreException: net.minecraft.pathfinding.PathPoint
	at net.minecraft.pathfinding.Path.func_186309_a(SourceFile:43)
	at net.minecraft.pathfinding.PathNavigate.func_75487_m(SourceFile:324)
	at net.minecraft.pathfinding.PathNavigateGround.func_75487_m(SourceFile:96)
	at net.minecraft.pathfinding.PathNavigate.func_75484_a(SourceFile:159)
	at org.millenaire.common.entity.MillVillager.registerNewPath(MillVillager.java:3007)
	at org.millenaire.common.entity.MillVillager.applyPathCalculatedSinceLastTick(MillVillager.java:427)
	at org.millenaire.common.entity.MillVillager.func_70071_h_(MillVillager.java:2300)
	at net.minecraft.world.World.func_72866_a(World.java:1993)
	at net.minecraft.world.WorldServer.func_72866_a(WorldServer.java:832)
	at net.minecraft.world.World.func_72870_g(World.java:1955)
	at net.minecraft.world.World.redirect$updateEntity$zbl000(World.java:5617)
	at net.minecraft.world.World.func_72939_s(World.java:1759)
	at net.minecraft.world.WorldServer.func_72939_s(WorldServer.java:613)
	at net.minecraft.server.MinecraftServer.func_71190_q(MinecraftServer.java:767)
	at net.minecraft.server.MinecraftServer.func_71217_p(MinecraftServer.java:668)
	at net.minecraft.server.integrated.IntegratedServer.func_71217_p(IntegratedServer.java:252)
	at net.minecraft.server.MinecraftServer.run(MinecraftServer.java:526)
	at java.lang.Thread.run(Thread.java:745)

7.1.2 20-02-2019 20:55:00 Exception when finding JPS path:
7.1.2 20-02-2019 20:55:00 java.lang.ArrayStoreException: net.minecraft.pathfinding.PathPoint
	at net.minecraft.pathfinding.Path.func_186309_a(SourceFile:43)
	at net.minecraft.pathfinding.PathNavigate.func_75487_m(SourceFile:324)
	at net.minecraft.pathfinding.PathNavigateGround.func_75487_m(SourceFile:96)
	at net.minecraft.pathfinding.PathNavigate.func_75484_a(SourceFile:159)
	at org.millenaire.common.entity.MillVillager.registerNewPath(MillVillager.java:3007)
	at org.millenaire.common.entity.MillVillager.applyPathCalculatedSinceLastTick(MillVillager.java:427)
	at org.millenaire.common.entity.MillVillager.func_70071_h_(MillVillager.java:2300)
	at net.minecraft.world.World.func_72866_a(World.java:1993)
	at net.minecraft.world.WorldServer.func_72866_a(WorldServer.java:832)
	at net.minecraft.world.World.func_72870_g(World.java:1955)
	at net.minecraft.world.World.redirect$updateEntity$zbl000(World.java:5617)
	at net.minecraft.world.World.func_72939_s(World.java:1759)
	at net.minecraft.world.WorldServer.func_72939_s(WorldServer.java:613)
	at net.minecraft.server.MinecraftServer.func_71190_q(MinecraftServer.java:767)
	at net.minecraft.server.MinecraftServer.func_71217_p(MinecraftServer.java:668)
	at net.minecraft.server.integrated.IntegratedServer.func_71217_p(IntegratedServer.java:252)
	at net.minecraft.server.MinecraftServer.run(MinecraftServer.java:526)
	at java.lang.Thread.run(Thread.java:745)

7.1.2 20-02-2019 20:55:00 Exception when finding JPS path:
7.1.2 20-02-2019 20:55:00 java.lang.ArrayStoreException: net.minecraft.pathfinding.PathPoint
	at net.minecraft.pathfinding.Path.func_186309_a(SourceFile:43)
	at net.minecraft.pathfinding.PathNavigate.func_75487_m(SourceFile:324)
	at net.minecraft.pathfinding.PathNavigateGround.func_75487_m(SourceFile:96)
	at net.minecraft.pathfinding.PathNavigate.func_75484_a(SourceFile:159)
	at org.millenaire.common.entity.MillVillager.registerNewPath(MillVillager.java:3007)
	at org.millenaire.common.entity.MillVillager.applyPathCalculatedSinceLastTick(MillVillager.java:427)
	at org.millenaire.common.entity.MillVillager.func_70071_h_(MillVillager.java:2300)
	at net.minecraft.world.World.func_72866_a(World.java:1993)
	at net.minecraft.world.WorldServer.func_72866_a(WorldServer.java:832)
	at net.minecraft.world.World.func_72870_g(World.java:1955)
	at net.minecraft.world.World.redirect$updateEntity$zbl000(World.java:5617)
	at net.minecraft.world.World.func_72939_s(World.java:1759)
	at net.minecraft.world.WorldServer.func_72939_s(WorldServer.java:613)
	at net.minecraft.server.MinecraftServer.func_71190_q(MinecraftServer.java:767)
	at net.minecraft.server.MinecraftServer.func_71217_p(MinecraftServer.java:668)
	at net.minecraft.server.integrated.IntegratedServer.func_71217_p(IntegratedServer.java:252)
	at net.minecraft.server.MinecraftServer.run(MinecraftServer.java:526)
	at java.lang.Thread.run(Thread.java:745)

7.1.2 20-02-2019 20:55:00 Repeat exception x6: Exception when finding JPS path: - net.minecraft.pathfinding.PathPoint @ net.minecraft.pathfinding.Path.func_186309_a(SourceFile:43)
7.1.2 20-02-2019 20:55:00 Repeat exception x7: Exception when finding JPS path: - net.minecraft.pathfinding.PathPoint @ net.minecraft.pathfinding.Path.func_186309_a(SourceFile:43)
7.1.2 20-02-2019 20:55:01 Repeat exception x8: Exception when finding JPS path: - net.minecraft.pathfinding.PathPoint @ net.minecraft.pathfinding.Path.func_186309_a(SourceFile:43)
7.1.2 20-02-2019 20:55:01 Repeat exception x9: Exception when finding JPS path: - net.minecraft.pathfinding.PathPoint @ net.minecraft.pathfinding.Path.func_186309_a(SourceFile:43)
7.1.2 20-02-2019 20:55:01 Repeat exception x10: Exception when finding JPS path: - net.minecraft.pathfinding.PathPoint @ net.minecraft.pathfinding.Path.func_186309_a(SourceFile:43)
7.1.2 20-02-2019 20:55:01 Repeat exception x11: Exception when finding JPS path: - net.minecraft.pathfinding.PathPoint @ net.minecraft.pathfinding.Path.func_186309_a(SourceFile:43)
7.1.2 20-02-2019 20:55:02 Repeat exception x12: Exception when finding JPS path: - net.minecraft.pathfinding.PathPoint @ net.minecraft.pathfinding.Path.func_186309_a(SourceFile:43)
7.1.2 20-02-2019 20:55:02 Repeat exception x13: Exception when finding JPS path: - net.minecraft.pathfinding.PathPoint @ net.minecraft.pathfinding.Path.func_186309_a(SourceFile:43)
7.1.2 20-02-2019 20:55:02 Repeat exception x14: Exception when finding JPS path: - net.minecraft.pathfinding.PathPoint @ net.minecraft.pathfinding.Path.func_186309_a(SourceFile:43)
7.1.2 20-02-2019 20:55:02 Repeat exception x15: Exception when finding JPS path: - net.minecraft.pathfinding.PathPoint @ net.minecraft.pathfinding.Path.func_186309_a(SourceFile:43)
7.1.2 20-02-2019 20:55:02 Repeat exception x16: Exception when finding JPS path: - net.minecraft.pathfinding.PathPoint @ net.minecraft.pathfinding.Path.func_186309_a(SourceFile:43)
7.1.2 20-02-2019 20:55:02 Repeat exception x17: Exception when finding JPS path: - net.minecraft.pathfinding.PathPoint @ net.minecraft.pathfinding.Path.func_186309_a(SourceFile:43)
7.1.2 20-02-2019 20:55:02 Repeat exception x18: Exception when finding JPS path: - net.minecraft.pathfinding.PathPoint @ net.minecraft.pathfinding.Path.func_186309_a(SourceFile:43)
7.1.2 20-02-2019 20:55:02 Repeat exception x19: Exception when finding JPS path: - net.minecraft.pathfinding.PathPoint @ net.minecraft.pathfinding.Path.func_186309_a(SourceFile:43)
7.1.2 20-02-2019 20:55:03 Repeat exception x20: Exception when finding JPS path: - net.minecraft.pathfinding.PathPoint @ net.minecraft.pathfinding.Path.func_186309_a(SourceFile:43). This error will no longer be logged in this session.
7.1.2 20-02-2019 20:59:52 Exception when finding JPS path:
7.1.2 20-02-2019 20:59:52 java.lang.ArrayStoreException

7.1.2 20-02-2019 20:59:52 Exception when finding JPS path:
7.1.2 20-02-2019 20:59:52 java.lang.ArrayStoreException

7.1.2 20-02-2019 20:59:52 Exception when finding JPS path:
7.1.2 20-02-2019 20:59:52 java.lang.ArrayStoreException

7.1.2 20-02-2019 20:59:52 Exception when finding JPS path:
7.1.2 20-02-2019 20:59:52 java.lang.ArrayStoreException

7.1.2 20-02-2019 20:59:52 Exception when finding JPS path:
7.1.2 20-02-2019 20:59:52 java.lang.ArrayStoreException

7.1.2 20-02-2019 20:59:52 Repeat exception x6: Exception when finding JPS path: @ 
7.1.2 20-02-2019 20:59:52 Repeat exception x7: Exception when finding JPS path: @ 
7.1.2 20-02-2019 20:59:52 Repeat exception x8: Exception when finding JPS path: @ 
7.1.2 20-02-2019 20:59:52 Repeat exception x9: Exception when finding JPS path: @ 
7.1.2 20-02-2019 20:59:53 Repeat exception x10: Exception when finding JPS path: @ 
7.1.2 20-02-2019 20:59:53 Repeat exception x11: Exception when finding JPS path: @ 
7.1.2 20-02-2019 20:59:53 Repeat exception x12: Exception when finding JPS path: @ 
7.1.2 20-02-2019 20:59:53 Repeat exception x13: Exception when finding JPS path: @ 
7.1.2 20-02-2019 20:59:53 Repeat exception x14: Exception when finding JPS path: @ 
7.1.2 20-02-2019 20:59:53 Repeat exception x15: Exception when finding JPS path: @ 
7.1.2 20-02-2019 20:59:53 Repeat exception x16: Exception when finding JPS path: @ 
7.1.2 20-02-2019 20:59:53 Repeat exception x17: Exception when finding JPS path: @ 
7.1.2 20-02-2019 20:59:53 Repeat exception x18: Exception when finding JPS path: @ 
7.1.2 20-02-2019 20:59:53 Repeat exception x19: Exception when finding JPS path: @ 
7.1.2 20-02-2019 20:59:53 Repeat exception x20: Exception when finding JPS path: @ . This error will no longer be logged in this session.
7.1.2 20-02-2019 23:17:40 Starting new session. Mods: examplemod 
7.1.2 20-02-2019 23:19:49 MAJOR: null: Loading language: en_us
7.1.2 20-02-2019 23:19:51 MAJOR: null: LanguageData loaded: en_us. Wand invitem name: Wand of Summoning
7.1.2 21-02-2019 12:49:45 Starting new session. Mods: examplemod 
7.1.2 21-02-2019 12:52:25 MAJOR: null: Loading language: en_us
7.1.2 21-02-2019 12:52:32 MAJOR: null: LanguageData loaded: en_us. Wand invitem name: Wand of Summoning
7.1.2 21-02-2019 14:54:52 Starting new session. Mods: examplemod 
7.1.2 21-02-2019 14:57:17 MAJOR: null: Loading language: en_us
7.1.2 21-02-2019 14:57:25 MAJOR: null: LanguageData loaded: en_us. Wand invitem name: Wand of Summoning
7.1.2 21-02-2019 18:04:18 Starting new session. Mods: examplemod 
7.1.2 21-02-2019 18:06:44 MAJOR: null: Loading language: en_us
7.1.2 21-02-2019 18:06:50 MAJOR: null: LanguageData loaded: en_us. Wand invitem name: Wand of Summoning
7.1.2 21-02-2019 21:41:56 Starting new session. Mods: examplemod 
7.1.2 21-02-2019 21:44:28 MAJOR: null: Loading language: en_us
7.1.2 21-02-2019 21:44:36 MAJOR: null: LanguageData loaded: en_us. Wand invitem name: Wand of Summoning
7.1.2 21-02-2019 23:11:57 Starting new session. Mods: examplemod 
7.1.2 21-02-2019 23:13:55 MAJOR: null: Loading language: en_us
7.1.2 21-02-2019 23:13:57 MAJOR: null: LanguageData loaded: en_us. Wand invitem name: Wand of Summoning
7.1.2 22-02-2019 13:13:56 Starting new session. Mods: examplemod 
7.1.2 22-02-2019 13:16:27 MAJOR: null: Loading language: en_us
7.1.2 22-02-2019 13:16:34 MAJOR: null: LanguageData loaded: en_us. Wand invitem name: Wand of Summoning
7.1.2 22-02-2019 14:40:02 Starting new session. Mods: examplemod 
7.1.2 22-02-2019 14:42:29 MAJOR: null: Loading language: en_us
7.1.2 22-02-2019 14:42:36 MAJOR: null: LanguageData loaded: en_us. Wand invitem name: Wand of Summoning
7.1.2 22-02-2019 20:35:45 Starting new session. Mods: examplemod 
7.1.2 22-02-2019 20:38:12 MAJOR: null: Loading language: en_us
7.1.2 22-02-2019 20:38:20 MAJOR: null: LanguageData loaded: en_us. Wand invitem name: Wand of Summoning
7.1.2 23-02-2019 12:16:40 Starting new session. Mods: examplemod 
7.1.2 23-02-2019 12:19:22 MAJOR: null: Loading language: en_us
7.1.2 23-02-2019 12:19:29 MAJOR: null: LanguageData loaded: en_us. Wand invitem name: Wand of Summoning
7.1.2 23-02-2019 18:20:27 Starting new session. Mods: examplemod 
7.1.2 23-02-2019 18:22:47 MAJOR: null: Loading language: en_us
7.1.2 23-02-2019 18:22:54 MAJOR: null: LanguageData loaded: en_us. Wand invitem name: Wand of Summoning
7.1.2 23-02-2019 18:32:32 Starting new session. Mods: examplemod 
7.1.2 23-02-2019 18:34:29 MAJOR: null: Loading language: en_us
7.1.2 23-02-2019 18:34:31 MAJOR: null: LanguageData loaded: en_us. Wand invitem name: Wand of Summoning
7.1.2 23-02-2019 19:35:46 Starting new session. Mods: examplemod 
7.1.2 23-02-2019 19:38:07 MAJOR: null: Loading language: en_us
7.1.2 23-02-2019 19:38:15 MAJOR: null: LanguageData loaded: en_us. Wand invitem name: Wand of Summoning
7.1.2 24-02-2019 13:41:37 Starting new session. Mods: examplemod 
7.1.2 24-02-2019 13:44:15 MAJOR: null: Loading language: en_us
7.1.2 24-02-2019 13:44:23 MAJOR: null: LanguageData loaded: en_us. Wand invitem name: Wand of Summoning
7.1.2 25-02-2019 10:50:09 Starting new session. Mods: examplemod 
7.1.2 25-02-2019 10:52:38 MAJOR: null: Loading language: en_us
7.1.2 25-02-2019 10:52:46 MAJOR: null: LanguageData loaded: en_us. Wand invitem name: Wand of Summoning
7.1.2 25-02-2019 11:48:14 Starting new session. Mods: examplemod 
7.1.2 25-02-2019 11:50:38 MAJOR: null: Loading language: en_us
7.1.2 25-02-2019 11:50:44 MAJOR: null: LanguageData loaded: en_us. Wand invitem name: Wand of Summoning
7.1.2 25-02-2019 12:18:06 Starting new session. Mods: examplemod 
7.1.2 25-02-2019 12:20:04 MAJOR: null: Loading language: en_us
7.1.2 25-02-2019 12:20:06 MAJOR: null: LanguageData loaded: en_us. Wand invitem name: Wand of Summoning
7.1.2 26-02-2019 10:56:18 Starting new session. Mods: examplemod 
7.1.2 26-02-2019 10:58:55 MAJOR: null: Loading language: en_us
7.1.2 26-02-2019 10:59:04 MAJOR: null: LanguageData loaded: en_us. Wand invitem name: Wand of Summoning
7.1.2 26-02-2019 12:36:30 Starting new session. Mods: examplemod 
7.1.2 26-02-2019 12:38:33 MAJOR: null: Loading language: en_us
7.1.2 26-02-2019 12:38:34 MAJOR: null: LanguageData loaded: en_us. Wand invitem name: Wand of Summoning
7.1.2 26-02-2019 13:04:38 Starting new session. Mods: examplemod 
7.1.2 26-02-2019 13:06:45 MAJOR: null: Loading language: en_us
7.1.2 26-02-2019 13:06:47 MAJOR: null: LanguageData loaded: en_us. Wand invitem name: Wand of Summoning
7.1.2 26-02-2019 14:32:21 Starting new session. Mods: examplemod 
7.1.2 26-02-2019 14:34:54 MAJOR: null: Loading language: en_us
7.1.2 26-02-2019 14:35:00 MAJOR: null: LanguageData loaded: en_us. Wand invitem name: Wand of Summoning
7.1.2 27-02-2019 12:00:33 Starting new session. Mods: examplemod 
7.1.2 27-02-2019 12:03:14 MAJOR: null: Loading language: en_us
7.1.2 27-02-2019 12:03:21 MAJOR: null: LanguageData loaded: en_us. Wand invitem name: Wand of Summoning
7.1.2 27-02-2019 17:38:50 Starting new session. Mods: examplemod 
7.1.2 27-02-2019 17:45:53 Starting new session. Mods: examplemod 
7.1.2 27-02-2019 17:50:46 Starting new session. Mods: examplemod 
7.1.2 27-02-2019 17:53:15 Starting new session. Mods: examplemod 
7.1.2 27-02-2019 17:55:26 Starting new session. Mods: examplemod 
7.1.2 27-02-2019 17:57:26 Starting new session. Mods: examplemod 
7.1.2 27-02-2019 17:59:43 MAJOR: null: Loading language: en_us
7.1.2 27-02-2019 17:59:50 MAJOR: null: LanguageData loaded: en_us. Wand invitem name: Wand of Summoning
7.1.2 28-02-2019 11:36:59 Starting new session. Mods: examplemod 
7.1.2 28-02-2019 11:39:36 MAJOR: null: Loading language: en_us
7.1.2 28-02-2019 11:39:43 MAJOR: null: LanguageData loaded: en_us. Wand invitem name: Wand of Summoning
7.1.2 28-02-2019 16:41:56 Starting new session. Mods: examplemod 
7.1.2 28-02-2019 16:44:18 MAJOR: null: Loading language: en_us
7.1.2 28-02-2019 16:44:26 MAJOR: null: LanguageData loaded: en_us. Wand invitem name: Wand of Summoning
7.1.2 28-02-2019 23:24:04 Starting new session. Mods: examplemod 
7.1.2 28-02-2019 23:26:45 MAJOR: null: Loading language: en_us
7.1.2 28-02-2019 23:26:52 MAJOR: null: LanguageData loaded: en_us. Wand invitem name: Wand of Summoning
7.1.2 01-03-2019 11:22:11 Starting new session. Mods: examplemod 
7.1.2 01-03-2019 11:24:51 MAJOR: null: Loading language: en_us
7.1.2 01-03-2019 11:24:57 MAJOR: null: LanguageData loaded: en_us. Wand invitem name: Wand of Summoning
7.1.2 01-03-2019 11:47:42 Starting new session. Mods: examplemod 
7.1.2 01-03-2019 11:49:45 MAJOR: null: Loading language: en_us
7.1.2 01-03-2019 11:49:46 MAJOR: null: LanguageData loaded: en_us. Wand invitem name: Wand of Summoning
7.1.2 01-03-2019 13:55:11 Starting new session. Mods: examplemod 
7.1.2 01-03-2019 13:57:49 MAJOR: null: Loading language: en_us
7.1.2 01-03-2019 13:57:56 MAJOR: null: LanguageData loaded: en_us. Wand invitem name: Wand of Summoning
7.1.2 01-03-2019 21:46:03 Starting new session. Mods: examplemod 
7.1.2 01-03-2019 21:48:32 MAJOR: null: Loading language: en_us
7.1.2 01-03-2019 21:48:39 MAJOR: null: LanguageData loaded: en_us. Wand invitem name: Wand of Summoning
7.1.2 01-03-2019 23:13:01 Starting new session. Mods: examplemod 
7.1.2 01-03-2019 23:15:34 MAJOR: null: Loading language: en_us
7.1.2 01-03-2019 23:15:41 MAJOR: null: LanguageData loaded: en_us. Wand invitem name: Wand of Summoning
7.1.2 02-03-2019 11:51:49 Starting new session. Mods: examplemod 
7.1.2 02-03-2019 11:54:13 MAJOR: null: Loading language: en_us
7.1.2 02-03-2019 11:54:20 MAJOR: null: LanguageData loaded: en_us. Wand invitem name: Wand of Summoning
7.1.2 02-03-2019 12:52:39 Starting new session. Mods: examplemod 
7.1.2 02-03-2019 12:55:11 MAJOR: null: Loading language: en_us
7.1.2 02-03-2019 12:55:18 MAJOR: null: LanguageData loaded: en_us. Wand invitem name: Wand of Summoning
7.1.2 02-03-2019 14:26:57 Starting new session. Mods: examplemod 
7.1.2 02-03-2019 14:29:27 MAJOR: null: Loading language: en_us
7.1.2 02-03-2019 14:29:34 MAJOR: null: LanguageData loaded: en_us. Wand invitem name: Wand of Summoning
7.1.2 02-03-2019 21:23:18 Starting new session. Mods: examplemod 
7.1.2 02-03-2019 21:25:50 MAJOR: null: Loading language: en_us
7.1.2 02-03-2019 21:25:58 MAJOR: null: LanguageData loaded: en_us. Wand invitem name: Wand of Summoning
7.1.2 02-03-2019 21:48:27 Starting new session. Mods: examplemod 
7.1.2 02-03-2019 21:50:30 MAJOR: null: Loading language: en_us
7.1.2 02-03-2019 21:50:31 MAJOR: null: LanguageData loaded: en_us. Wand invitem name: Wand of Summoning
7.1.2 03-03-2019 11:04:52 Starting new session. Mods: examplemod 
7.1.2 03-03-2019 11:07:58 MAJOR: null: Loading language: en_us
7.1.2 03-03-2019 11:08:05 MAJOR: null: LanguageData loaded: en_us. Wand invitem name: Wand of Summoning
7.1.2 03-03-2019 20:15:43 Starting new session. Mods: examplemod 
7.1.2 03-03-2019 20:18:36 MAJOR: null: Loading language: en_us
7.1.2 03-03-2019 20:18:44 MAJOR: null: LanguageData loaded: en_us. Wand invitem name: Wand of Summoning
7.1.2 03-03-2019 21:01:30 ERROR: (architectbyzantine_A0 at 822/4/104/3/0/1547808746/Chorio stratiotike/net.optifine.override.WorldServerOF@21c2e201): No TileEntitySign at: 821/6/107
7.1.2 03-03-2019 21:01:41 ERROR: (architectbyzantine_A0 at 822/4/104/3/0/1547808746/Chorio stratiotike/net.optifine.override.WorldServerOF@21c2e201): No TileEntitySign at: 821/6/107
7.1.2 03-03-2019 21:01:51 ERROR: (architectbyzantine_A0 at 822/4/104/3/0/1547808746/Chorio stratiotike/net.optifine.override.WorldServerOF@21c2e201): No TileEntitySign at: 821/6/107
7.1.2 03-03-2019 21:08:09 ERROR: (architectbyzantine_A0 at 822/4/104/3/0/1547808746/Chorio stratiotike/net.optifine.override.WorldServerOF@21c2e201): No TileEntitySign at: 821/6/107
7.1.2 03-03-2019 21:15:08 ERROR: (farm_B0 at 712/4/394/3/1/402912793/Village d'artisans/net.optifine.override.WorldServerOF@21c2e201): No TileEntitySign at: 709/5/394
7.1.2 04-03-2019 13:06:13 Starting new session. Mods: examplemod 
7.1.2 04-03-2019 13:09:04 MAJOR: null: Loading language: en_us
7.1.2 04-03-2019 13:09:12 MAJOR: null: LanguageData loaded: en_us. Wand invitem name: Wand of Summoning
7.1.2 04-03-2019 17:45:50 Starting new session. Mods: examplemod 
7.1.2 04-03-2019 17:48:21 MAJOR: null: Loading language: en_us
7.1.2 04-03-2019 17:48:29 MAJOR: null: LanguageData loaded: en_us. Wand invitem name: Wand of Summoning
7.1.2 05-03-2019 15:35:14 Starting new session. Mods: examplemod 
7.1.2 05-03-2019 15:37:53 MAJOR: null: Loading language: en_us
7.1.2 05-03-2019 15:38:00 MAJOR: null: LanguageData loaded: en_us. Wand invitem name: Wand of Summoning
7.1.2 06-03-2019 11:20:35 Starting new session. Mods: examplemod 
7.1.2 06-03-2019 11:23:04 MAJOR: null: Loading language: en_us
7.1.2 06-03-2019 11:23:11 MAJOR: null: LanguageData loaded: en_us. Wand invitem name: Wand of Summoning
7.1.2 06-03-2019 11:37:25 MAJOR: null: Name of player with UUID '435b05da-e696-4ae2-9e46-1b99b5e66b9b' changed from 'null' to 'D4rkstalker'.
7.1.2 06-03-2019 13:09:33 Starting new session. Mods: examplemod 
7.1.2 06-03-2019 13:11:45 MAJOR: null: Loading language: en_us
7.1.2 06-03-2019 13:11:46 MAJOR: null: LanguageData loaded: en_us. Wand invitem name: Wand of Summoning
7.1.2 06-03-2019 15:03:34 Starting new session. Mods: examplemod 
7.1.2 06-03-2019 15:05:57 MAJOR: null: Loading language: en_us
7.1.2 06-03-2019 15:06:05 MAJOR: null: LanguageData loaded: en_us. Wand invitem name: Wand of Summoning
7.1.2 06-03-2019 18:43:20 Starting new session. Mods: examplemod 
7.1.2 06-03-2019 18:45:49 MAJOR: null: Loading language: en_us
7.1.2 06-03-2019 18:45:56 MAJOR: null: LanguageData loaded: en_us. Wand invitem name: Wand of Summoning
7.1.2 06-03-2019 19:29:20 Starting new session. Mods: examplemod 
7.1.2 06-03-2019 19:31:37 MAJOR: null: Loading language: en_us
7.1.2 06-03-2019 19:31:44 MAJOR: null: LanguageData loaded: en_us. Wand invitem name: Wand of Summoning
7.1.2 07-03-2019 15:18:57 Starting new session. Mods: examplemod 
7.1.2 07-03-2019 15:21:37 MAJOR: null: Loading language: en_us
7.1.2 07-03-2019 15:21:53 MAJOR: null: LanguageData loaded: en_us. Wand invitem name: Wand of Summoning
7.1.2 07-03-2019 16:03:12 Starting new session. Mods: examplemod 
7.1.2 07-03-2019 16:06:48 MAJOR: null: Loading language: en_us
7.1.2 07-03-2019 16:07:02 MAJOR: null: LanguageData loaded: en_us. Wand invitem name: Wand of Summoning
7.1.2 07-03-2019 18:14:56 Starting new session. Mods: examplemod 
7.1.2 07-03-2019 18:18:00 MAJOR: null: Loading language: en_us
7.1.2 07-03-2019 18:18:09 MAJOR: null: LanguageData loaded: en_us. Wand invitem name: Wand of Summoning
